13-Jun-2018 05:24:26.921 INFO [Thread-6] org.apache.coyote.AbstractProtocol.pause Pausing ProtocolHandler ["http-nio-8080"]
13-Jun-2018 05:24:27.015 INFO [Thread-6] org.apache.coyote.AbstractProtocol.pause Pausing ProtocolHandler ["http-nio-8010"]
13-Jun-2018 05:24:27.171 INFO [Thread-6] org.apache.coyote.AbstractProtocol.pause Pausing ProtocolHandler ["ajp-nio-8009"]
13-Jun-2018 05:24:27.312 INFO [Thread-6] org.apache.catalina.core.StandardService.stopInternal Stopping service [Catalina]
13-Jun-2018 05:24:27.436 INFO [Thread-6] org.apache.coyote.AbstractProtocol.stop Stopping ProtocolHandler ["http-nio-8080"]
13-Jun-2018 05:24:27.436 INFO [Thread-6] org.apache.coyote.AbstractProtocol.stop Stopping ProtocolHandler ["http-nio-8010"]
13-Jun-2018 05:24:27.436 INFO [Thread-6] org.apache.coyote.AbstractProtocol.stop Stopping ProtocolHandler ["ajp-nio-8009"]
13-Jun-2018 05:24:27.436 INFO [Thread-6] org.apache.coyote.AbstractProtocol.destroy Destroying ProtocolHandler ["http-nio-8080"]
13-Jun-2018 05:24:27.436 INFO [Thread-6] org.apache.coyote.AbstractProtocol.destroy Destroying ProtocolHandler ["http-nio-8010"]
13-Jun-2018 05:24:27.436 INFO [Thread-6] org.apache.coyote.AbstractProtocol.destroy Destroying ProtocolHandler ["ajp-nio-8009"]
13-Jun-2018 05:24:29.158 INFO [main] org.apache.catalina.startup.VersionLoggerListener.log Server version:        Apache Tomcat/9.0.8
13-Jun-2018 05:24:29.158 INFO [main] org.apache.catalina.startup.VersionLoggerListener.log Server built:          Apr 27 2018 19:32:00 UTC
13-Jun-2018 05:24:29.158 INFO [main] org.apache.catalina.startup.VersionLoggerListener.log Server number:         9.0.8.0
13-Jun-2018 05:24:29.158 INFO [main] org.apache.catalina.startup.VersionLoggerListener.log OS Name:               Windows 10
13-Jun-2018 05:24:29.158 INFO [main] org.apache.catalina.startup.VersionLoggerListener.log OS Version:            10.0
13-Jun-2018 05:24:29.158 INFO [main] org.apache.catalina.startup.VersionLoggerListener.log Architecture:          amd64
13-Jun-2018 05:24:29.158 INFO [main] org.apache.catalina.startup.VersionLoggerListener.log Java Home:             C:\Program Files\Java\jdk1.8.0_171\jre
13-Jun-2018 05:24:29.158 INFO [main] org.apache.catalina.startup.VersionLoggerListener.log JVM Version:           1.8.0_171-b11
13-Jun-2018 05:24:29.158 INFO [main] org.apache.catalina.startup.VersionLoggerListener.log JVM Vendor:            Oracle Corporation
13-Jun-2018 05:24:29.158 INFO [main] org.apache.catalina.startup.VersionLoggerListener.log CATALINA_BASE:         D:\Users\Desktop\DICT Bootcamp\Web Server\apache-tomcat-9.0.8
13-Jun-2018 05:24:29.158 INFO [main] org.apache.catalina.startup.VersionLoggerListener.log CATALINA_HOME:         D:\Users\Desktop\DICT Bootcamp\Web Server\apache-tomcat-9.0.8
13-Jun-2018 05:24:29.158 INFO [main] org.apache.catalina.startup.VersionLoggerListener.log Command line argument: -Djava.util.logging.config.file=D:\Users\Desktop\DICT Bootcamp\Web Server\apache-tomcat-9.0.8\conf\logging.properties
13-Jun-2018 05:24:29.158 INFO [main] org.apache.catalina.startup.VersionLoggerListener.log Command line argument: -Djava.util.logging.manager=org.apache.juli.ClassLoaderLogManager
13-Jun-2018 05:24:29.158 INFO [main] org.apache.catalina.startup.VersionLoggerListener.log Command line argument: -Djdk.tls.ephemeralDHKeySize=2048
13-Jun-2018 05:24:29.158 INFO [main] org.apache.catalina.startup.VersionLoggerListener.log Command line argument: -Djava.protocol.handler.pkgs=org.apache.catalina.webresources
13-Jun-2018 05:24:29.158 INFO [main] org.apache.catalina.startup.VersionLoggerListener.log Command line argument: -Dignore.endorsed.dirs=
13-Jun-2018 05:24:29.158 INFO [main] org.apache.catalina.startup.VersionLoggerListener.log Command line argument: -Dcatalina.base=D:\Users\Desktop\DICT Bootcamp\Web Server\apache-tomcat-9.0.8
13-Jun-2018 05:24:29.158 INFO [main] org.apache.catalina.startup.VersionLoggerListener.log Command line argument: -Dcatalina.home=D:\Users\Desktop\DICT Bootcamp\Web Server\apache-tomcat-9.0.8
13-Jun-2018 05:24:29.158 INFO [main] org.apache.catalina.startup.VersionLoggerListener.log Command line argument: -Djava.io.tmpdir=D:\Users\Desktop\DICT Bootcamp\Web Server\apache-tomcat-9.0.8\temp
13-Jun-2018 05:24:29.173 INFO [main] org.apache.catalina.core.AprLifecycleListener.lifecycleEvent The APR based Apache Tomcat Native library which allows optimal performance in production environments was not found on the java.library.path: [C:\Program Files\Java\jdk1.8.0_171\bin;C:\WINDOWS\Sun\Java\bin;C:\WINDOWS\system32;C:\WINDOWS;C:\Program Files (x86)\Common Files\Oracle\Java\javapath;C:\Program Files (x86)\Intel\iCLS Client\;C:\Program Files\Intel\iCLS Client\;C:\Windows\system32;C:\Windows;C:\Windows\System32\Wbem;C:\Windows\System32\WindowsPowerShell\v1.0\;C:\Program Files (x86)\NVIDIA Corporation\PhysX\Common;C:\Program Files (x86)\Intel\Intel(R) Management Engine Components\DAL;C:\Program Files\Intel\Intel(R) Management Engine Components\DAL;C:\Program Files (x86)\Intel\Intel(R) Management Engine Components\IPT;C:\Program Files\Intel\Intel(R) Management Engine Components\IPT;C:\Program Files\Intel\WiFi\bin\;C:\Program Files\Common Files\Intel\WirelessCommon\;C:\Program Files\nodejs\;C:\WINDOWS\system32;C:\WINDOWS;C:\WINDOWS\System32\Wbem;C:\WINDOWS\System32\WindowsPowerShell\v1.0\;C:\WINDOWS\System32\OpenSSH\;C:\Users\iampaderan\AppData\Local\Microsoft\WindowsApps;C:\Program Files\Microsoft VS Code\bin;C:\Users\iampaderan\AppData\Roaming\npm;C:\Program Files\Java\jdk1.8.0_171\bin;;.]
13-Jun-2018 05:24:29.267 INFO [main] org.apache.coyote.AbstractProtocol.init Initializing ProtocolHandler ["http-nio-8080"]
13-Jun-2018 05:24:29.392 INFO [main] org.apache.tomcat.util.net.NioSelectorPool.getSharedSelector Using a shared selector for servlet write/read
13-Jun-2018 05:24:29.392 INFO [main] org.apache.coyote.AbstractProtocol.init Initializing ProtocolHandler ["http-nio-8010"]
13-Jun-2018 05:24:29.392 INFO [main] org.apache.tomcat.util.net.NioSelectorPool.getSharedSelector Using a shared selector for servlet write/read
13-Jun-2018 05:24:29.392 INFO [main] org.apache.coyote.AbstractProtocol.init Initializing ProtocolHandler ["ajp-nio-8009"]
13-Jun-2018 05:24:29.407 INFO [main] org.apache.tomcat.util.net.NioSelectorPool.getSharedSelector Using a shared selector for servlet write/read
13-Jun-2018 05:24:29.407 INFO [main] org.apache.catalina.startup.Catalina.load Initialization processed in 557 ms
13-Jun-2018 05:24:29.439 INFO [main] org.apache.catalina.core.StandardService.startInternal Starting service [Catalina]
13-Jun-2018 05:24:29.439 INFO [main] org.apache.catalina.core.StandardEngine.startInternal Starting Servlet Engine: Apache Tomcat/9.0.8
13-Jun-2018 05:24:29.454 INFO [main] org.apache.catalina.startup.HostConfig.deployDirectory Deploying web application directory [D:\Users\Desktop\DICT Bootcamp\Web Server\apache-tomcat-9.0.8\webapps\assetapp]
13-Jun-2018 05:24:30.019 INFO [main] org.apache.jasper.servlet.TldScanner.scanJars At least one JAR was scanned for TLDs yet contained no TLDs. Enable debug logging for this logger for a complete list of JARs that were scanned but no TLDs were found in them. Skipping unneeded JARs during scanning can improve startup time and JSP compilation time.
13-Jun-2018 05:24:30.066 INFO [main] org.apache.catalina.startup.HostConfig.deployDirectory Deployment of web application directory [D:\Users\Desktop\DICT Bootcamp\Web Server\apache-tomcat-9.0.8\webapps\assetapp] has finished in [612] ms
13-Jun-2018 05:24:30.066 INFO [main] org.apache.catalina.startup.HostConfig.deployDirectory Deploying web application directory [D:\Users\Desktop\DICT Bootcamp\Web Server\apache-tomcat-9.0.8\webapps\docs]
13-Jun-2018 05:24:30.350 INFO [main] org.apache.jasper.servlet.TldScanner.scanJars At least one JAR was scanned for TLDs yet contained no TLDs. Enable debug logging for this logger for a complete list of JARs that were scanned but no TLDs were found in them. Skipping unneeded JARs during scanning can improve startup time and JSP compilation time.
13-Jun-2018 05:24:30.350 INFO [main] org.apache.catalina.startup.HostConfig.deployDirectory Deployment of web application directory [D:\Users\Desktop\DICT Bootcamp\Web Server\apache-tomcat-9.0.8\webapps\docs] has finished in [284] ms
13-Jun-2018 05:24:30.350 INFO [main] org.apache.catalina.startup.HostConfig.deployDirectory Deploying web application directory [D:\Users\Desktop\DICT Bootcamp\Web Server\apache-tomcat-9.0.8\webapps\examples]
13-Jun-2018 05:24:30.757 INFO [main] org.apache.jasper.servlet.TldScanner.scanJars At least one JAR was scanned for TLDs yet contained no TLDs. Enable debug logging for this logger for a complete list of JARs that were scanned but no TLDs were found in them. Skipping unneeded JARs during scanning can improve startup time and JSP compilation time.
13-Jun-2018 05:24:30.819 INFO [main] org.apache.catalina.startup.HostConfig.deployDirectory Deployment of web application directory [D:\Users\Desktop\DICT Bootcamp\Web Server\apache-tomcat-9.0.8\webapps\examples] has finished in [469] ms
13-Jun-2018 05:24:30.819 INFO [main] org.apache.catalina.startup.HostConfig.deployDirectory Deploying web application directory [D:\Users\Desktop\DICT Bootcamp\Web Server\apache-tomcat-9.0.8\webapps\host-manager]
13-Jun-2018 05:24:31.090 INFO [main] org.apache.jasper.servlet.TldScanner.scanJars At least one JAR was scanned for TLDs yet contained no TLDs. Enable debug logging for this logger for a complete list of JARs that were scanned but no TLDs were found in them. Skipping unneeded JARs during scanning can improve startup time and JSP compilation time.
13-Jun-2018 05:24:31.090 INFO [main] org.apache.catalina.startup.HostConfig.deployDirectory Deployment of web application directory [D:\Users\Desktop\DICT Bootcamp\Web Server\apache-tomcat-9.0.8\webapps\host-manager] has finished in [271] ms
13-Jun-2018 05:24:31.090 INFO [main] org.apache.catalina.startup.HostConfig.deployDirectory Deploying web application directory [D:\Users\Desktop\DICT Bootcamp\Web Server\apache-tomcat-9.0.8\webapps\manager]
13-Jun-2018 05:24:31.371 INFO [main] org.apache.jasper.servlet.TldScanner.scanJars At least one JAR was scanned for TLDs yet contained no TLDs. Enable debug logging for this logger for a complete list of JARs that were scanned but no TLDs were found in them. Skipping unneeded JARs during scanning can improve startup time and JSP compilation time.
13-Jun-2018 05:24:31.371 INFO [main] org.apache.catalina.startup.HostConfig.deployDirectory Deployment of web application directory [D:\Users\Desktop\DICT Bootcamp\Web Server\apache-tomcat-9.0.8\webapps\manager] has finished in [281] ms
13-Jun-2018 05:24:31.371 INFO [main] org.apache.catalina.startup.HostConfig.deployDirectory Deploying web application directory [D:\Users\Desktop\DICT Bootcamp\Web Server\apache-tomcat-9.0.8\webapps\memorablequotes]
13-Jun-2018 05:24:31.636 INFO [main] org.apache.jasper.servlet.TldScanner.scanJars At least one JAR was scanned for TLDs yet contained no TLDs. Enable debug logging for this logger for a complete list of JARs that were scanned but no TLDs were found in them. Skipping unneeded JARs during scanning can improve startup time and JSP compilation time.
13-Jun-2018 05:24:31.636 INFO [main] org.apache.catalina.startup.HostConfig.deployDirectory Deployment of web application directory [D:\Users\Desktop\DICT Bootcamp\Web Server\apache-tomcat-9.0.8\webapps\memorablequotes] has finished in [265] ms
13-Jun-2018 05:24:31.636 INFO [main] org.apache.catalina.startup.HostConfig.deployDirectory Deploying web application directory [D:\Users\Desktop\DICT Bootcamp\Web Server\apache-tomcat-9.0.8\webapps\mycoolwebapp]
13-Jun-2018 05:24:31.918 INFO [main] org.apache.jasper.servlet.TldScanner.scanJars At least one JAR was scanned for TLDs yet contained no TLDs. Enable debug logging for this logger for a complete list of JARs that were scanned but no TLDs were found in them. Skipping unneeded JARs during scanning can improve startup time and JSP compilation time.
13-Jun-2018 05:24:31.918 INFO [main] org.apache.catalina.startup.HostConfig.deployDirectory Deployment of web application directory [D:\Users\Desktop\DICT Bootcamp\Web Server\apache-tomcat-9.0.8\webapps\mycoolwebapp] has finished in [282] ms
13-Jun-2018 05:24:31.918 INFO [main] org.apache.catalina.startup.HostConfig.deployDirectory Deploying web application directory [D:\Users\Desktop\DICT Bootcamp\Web Server\apache-tomcat-9.0.8\webapps\MyWebServiceClient]
13-Jun-2018 05:24:32.246 INFO [main] org.apache.jasper.servlet.TldScanner.scanJars At least one JAR was scanned for TLDs yet contained no TLDs. Enable debug logging for this logger for a complete list of JARs that were scanned but no TLDs were found in them. Skipping unneeded JARs during scanning can improve startup time and JSP compilation time.
13-Jun-2018 05:24:32.246 INFO [main] org.apache.catalina.startup.HostConfig.deployDirectory Deployment of web application directory [D:\Users\Desktop\DICT Bootcamp\Web Server\apache-tomcat-9.0.8\webapps\MyWebServiceClient] has finished in [328] ms
13-Jun-2018 05:24:32.246 INFO [main] org.apache.catalina.startup.HostConfig.deployDirectory Deploying web application directory [D:\Users\Desktop\DICT Bootcamp\Web Server\apache-tomcat-9.0.8\webapps\ROOT]
13-Jun-2018 05:24:32.496 INFO [main] org.apache.jasper.servlet.TldScanner.scanJars At least one JAR was scanned for TLDs yet contained no TLDs. Enable debug logging for this logger for a complete list of JARs that were scanned but no TLDs were found in them. Skipping unneeded JARs during scanning can improve startup time and JSP compilation time.
13-Jun-2018 05:24:32.511 INFO [main] org.apache.catalina.startup.HostConfig.deployDirectory Deployment of web application directory [D:\Users\Desktop\DICT Bootcamp\Web Server\apache-tomcat-9.0.8\webapps\ROOT] has finished in [265] ms
13-Jun-2018 05:24:32.511 INFO [main] org.apache.catalina.startup.HostConfig.deployDirectory Deploying web application directory [D:\Users\Desktop\DICT Bootcamp\Web Server\apache-tomcat-9.0.8\webapps\servletmemorablequotes]
13-Jun-2018 05:24:32.778 INFO [main] org.apache.jasper.servlet.TldScanner.scanJars At least one JAR was scanned for TLDs yet contained no TLDs. Enable debug logging for this logger for a complete list of JARs that were scanned but no TLDs were found in them. Skipping unneeded JARs during scanning can improve startup time and JSP compilation time.
13-Jun-2018 05:24:32.778 INFO [main] org.apache.catalina.startup.HostConfig.deployDirectory Deployment of web application directory [D:\Users\Desktop\DICT Bootcamp\Web Server\apache-tomcat-9.0.8\webapps\servletmemorablequotes] has finished in [267] ms
13-Jun-2018 05:24:32.778 INFO [main] org.apache.coyote.AbstractProtocol.start Starting ProtocolHandler ["http-nio-8080"]
13-Jun-2018 05:24:32.794 INFO [main] org.apache.coyote.AbstractProtocol.start Starting ProtocolHandler ["http-nio-8010"]
13-Jun-2018 05:24:32.794 INFO [main] org.apache.coyote.AbstractProtocol.start Starting ProtocolHandler ["ajp-nio-8009"]
13-Jun-2018 05:24:32.794 INFO [main] org.apache.catalina.startup.Catalina.start Server startup in 3389 ms
13-Jun-2018 05:29:38.916 INFO [Thread-6] org.apache.coyote.AbstractProtocol.pause Pausing ProtocolHandler ["http-nio-8080"]
13-Jun-2018 05:29:39.072 INFO [Thread-6] org.apache.coyote.AbstractProtocol.pause Pausing ProtocolHandler ["http-nio-8010"]
13-Jun-2018 05:29:39.151 INFO [Thread-6] org.apache.coyote.AbstractProtocol.pause Pausing ProtocolHandler ["ajp-nio-8009"]
13-Jun-2018 05:29:39.281 INFO [Thread-6] org.apache.catalina.core.StandardService.stopInternal Stopping service [Catalina]
13-Jun-2018 05:29:39.328 INFO [Thread-6] org.apache.coyote.AbstractProtocol.stop Stopping ProtocolHandler ["http-nio-8080"]
13-Jun-2018 05:29:39.328 INFO [Thread-6] org.apache.coyote.AbstractProtocol.stop Stopping ProtocolHandler ["http-nio-8010"]
13-Jun-2018 05:29:39.328 INFO [Thread-6] org.apache.coyote.AbstractProtocol.stop Stopping ProtocolHandler ["ajp-nio-8009"]
13-Jun-2018 05:29:39.343 INFO [Thread-6] org.apache.coyote.AbstractProtocol.destroy Destroying ProtocolHandler ["http-nio-8080"]
13-Jun-2018 05:29:39.343 INFO [Thread-6] org.apache.coyote.AbstractProtocol.destroy Destroying ProtocolHandler ["http-nio-8010"]
13-Jun-2018 05:29:39.343 INFO [Thread-6] org.apache.coyote.AbstractProtocol.destroy Destroying ProtocolHandler ["ajp-nio-8009"]
13-Jun-2018 05:30:15.687 INFO [main] org.apache.catalina.startup.VersionLoggerListener.log Server version:        Apache Tomcat/9.0.8
13-Jun-2018 05:30:15.687 INFO [main] org.apache.catalina.startup.VersionLoggerListener.log Server built:          Apr 27 2018 19:32:00 UTC
13-Jun-2018 05:30:15.687 INFO [main] org.apache.catalina.startup.VersionLoggerListener.log Server number:         9.0.8.0
13-Jun-2018 05:30:15.703 INFO [main] org.apache.catalina.startup.VersionLoggerListener.log OS Name:               Windows 10
13-Jun-2018 05:30:15.703 INFO [main] org.apache.catalina.startup.VersionLoggerListener.log OS Version:            10.0
13-Jun-2018 05:30:15.703 INFO [main] org.apache.catalina.startup.VersionLoggerListener.log Architecture:          amd64
13-Jun-2018 05:30:15.703 INFO [main] org.apache.catalina.startup.VersionLoggerListener.log Java Home:             C:\Program Files\Java\jdk1.8.0_171\jre
13-Jun-2018 05:30:15.703 INFO [main] org.apache.catalina.startup.VersionLoggerListener.log JVM Version:           1.8.0_171-b11
13-Jun-2018 05:30:15.703 INFO [main] org.apache.catalina.startup.VersionLoggerListener.log JVM Vendor:            Oracle Corporation
13-Jun-2018 05:30:15.703 INFO [main] org.apache.catalina.startup.VersionLoggerListener.log CATALINA_BASE:         D:\Users\Desktop\DICT Bootcamp\Web Server\apache-tomcat-9.0.8
13-Jun-2018 05:30:15.703 INFO [main] org.apache.catalina.startup.VersionLoggerListener.log CATALINA_HOME:         D:\Users\Desktop\DICT Bootcamp\Web Server\apache-tomcat-9.0.8
13-Jun-2018 05:30:15.703 INFO [main] org.apache.catalina.startup.VersionLoggerListener.log Command line argument: -Djava.util.logging.config.file=D:\Users\Desktop\DICT Bootcamp\Web Server\apache-tomcat-9.0.8\conf\logging.properties
13-Jun-2018 05:30:15.703 INFO [main] org.apache.catalina.startup.VersionLoggerListener.log Command line argument: -Djava.util.logging.manager=org.apache.juli.ClassLoaderLogManager
13-Jun-2018 05:30:15.703 INFO [main] org.apache.catalina.startup.VersionLoggerListener.log Command line argument: -Djdk.tls.ephemeralDHKeySize=2048
13-Jun-2018 05:30:15.703 INFO [main] org.apache.catalina.startup.VersionLoggerListener.log Command line argument: -Djava.protocol.handler.pkgs=org.apache.catalina.webresources
13-Jun-2018 05:30:15.703 INFO [main] org.apache.catalina.startup.VersionLoggerListener.log Command line argument: -Dignore.endorsed.dirs=
13-Jun-2018 05:30:15.703 INFO [main] org.apache.catalina.startup.VersionLoggerListener.log Command line argument: -Dcatalina.base=D:\Users\Desktop\DICT Bootcamp\Web Server\apache-tomcat-9.0.8
13-Jun-2018 05:30:15.703 INFO [main] org.apache.catalina.startup.VersionLoggerListener.log Command line argument: -Dcatalina.home=D:\Users\Desktop\DICT Bootcamp\Web Server\apache-tomcat-9.0.8
13-Jun-2018 05:30:15.703 INFO [main] org.apache.catalina.startup.VersionLoggerListener.log Command line argument: -Djava.io.tmpdir=D:\Users\Desktop\DICT Bootcamp\Web Server\apache-tomcat-9.0.8\temp
13-Jun-2018 05:30:15.703 INFO [main] org.apache.catalina.core.AprLifecycleListener.lifecycleEvent The APR based Apache Tomcat Native library which allows optimal performance in production environments was not found on the java.library.path: [C:\Program Files\Java\jdk1.8.0_171\bin;C:\WINDOWS\Sun\Java\bin;C:\WINDOWS\system32;C:\WINDOWS;C:\Program Files (x86)\Common Files\Oracle\Java\javapath;C:\Program Files (x86)\Intel\iCLS Client\;C:\Program Files\Intel\iCLS Client\;C:\Windows\system32;C:\Windows;C:\Windows\System32\Wbem;C:\Windows\System32\WindowsPowerShell\v1.0\;C:\Program Files (x86)\NVIDIA Corporation\PhysX\Common;C:\Program Files (x86)\Intel\Intel(R) Management Engine Components\DAL;C:\Program Files\Intel\Intel(R) Management Engine Components\DAL;C:\Program Files (x86)\Intel\Intel(R) Management Engine Components\IPT;C:\Program Files\Intel\Intel(R) Management Engine Components\IPT;C:\Program Files\Intel\WiFi\bin\;C:\Program Files\Common Files\Intel\WirelessCommon\;C:\Program Files\nodejs\;C:\WINDOWS\system32;C:\WINDOWS;C:\WINDOWS\System32\Wbem;C:\WINDOWS\System32\WindowsPowerShell\v1.0\;C:\WINDOWS\System32\OpenSSH\;C:\Users\iampaderan\AppData\Local\Microsoft\WindowsApps;C:\Program Files\Microsoft VS Code\bin;C:\Users\iampaderan\AppData\Roaming\npm;C:\Program Files\Java\jdk1.8.0_171\bin;;.]
13-Jun-2018 05:30:15.843 INFO [main] org.apache.coyote.AbstractProtocol.init Initializing ProtocolHandler ["http-nio-8080"]
13-Jun-2018 05:30:15.953 INFO [main] org.apache.tomcat.util.net.NioSelectorPool.getSharedSelector Using a shared selector for servlet write/read
13-Jun-2018 05:30:15.968 INFO [main] org.apache.coyote.AbstractProtocol.init Initializing ProtocolHandler ["http-nio-8010"]
13-Jun-2018 05:30:15.968 INFO [main] org.apache.tomcat.util.net.NioSelectorPool.getSharedSelector Using a shared selector for servlet write/read
13-Jun-2018 05:30:15.968 INFO [main] org.apache.coyote.AbstractProtocol.init Initializing ProtocolHandler ["ajp-nio-8009"]
13-Jun-2018 05:30:15.968 INFO [main] org.apache.tomcat.util.net.NioSelectorPool.getSharedSelector Using a shared selector for servlet write/read
13-Jun-2018 05:30:15.968 INFO [main] org.apache.catalina.startup.Catalina.load Initialization processed in 578 ms
13-Jun-2018 05:30:15.999 INFO [main] org.apache.catalina.core.StandardService.startInternal Starting service [Catalina]
13-Jun-2018 05:30:15.999 INFO [main] org.apache.catalina.core.StandardEngine.startInternal Starting Servlet Engine: Apache Tomcat/9.0.8
13-Jun-2018 05:30:16.015 INFO [main] org.apache.catalina.startup.HostConfig.deployDirectory Deploying web application directory [D:\Users\Desktop\DICT Bootcamp\Web Server\apache-tomcat-9.0.8\webapps\assetapp]
13-Jun-2018 05:30:16.584 INFO [main] org.apache.jasper.servlet.TldScanner.scanJars At least one JAR was scanned for TLDs yet contained no TLDs. Enable debug logging for this logger for a complete list of JARs that were scanned but no TLDs were found in them. Skipping unneeded JARs during scanning can improve startup time and JSP compilation time.
13-Jun-2018 05:30:16.631 INFO [main] org.apache.catalina.startup.HostConfig.deployDirectory Deployment of web application directory [D:\Users\Desktop\DICT Bootcamp\Web Server\apache-tomcat-9.0.8\webapps\assetapp] has finished in [616] ms
13-Jun-2018 05:30:16.631 INFO [main] org.apache.catalina.startup.HostConfig.deployDirectory Deploying web application directory [D:\Users\Desktop\DICT Bootcamp\Web Server\apache-tomcat-9.0.8\webapps\docs]
13-Jun-2018 05:30:16.928 INFO [main] org.apache.jasper.servlet.TldScanner.scanJars At least one JAR was scanned for TLDs yet contained no TLDs. Enable debug logging for this logger for a complete list of JARs that were scanned but no TLDs were found in them. Skipping unneeded JARs during scanning can improve startup time and JSP compilation time.
13-Jun-2018 05:30:16.928 INFO [main] org.apache.catalina.startup.HostConfig.deployDirectory Deployment of web application directory [D:\Users\Desktop\DICT Bootcamp\Web Server\apache-tomcat-9.0.8\webapps\docs] has finished in [297] ms
13-Jun-2018 05:30:16.928 INFO [main] org.apache.catalina.startup.HostConfig.deployDirectory Deploying web application directory [D:\Users\Desktop\DICT Bootcamp\Web Server\apache-tomcat-9.0.8\webapps\examples]
13-Jun-2018 05:30:17.381 INFO [main] org.apache.jasper.servlet.TldScanner.scanJars At least one JAR was scanned for TLDs yet contained no TLDs. Enable debug logging for this logger for a complete list of JARs that were scanned but no TLDs were found in them. Skipping unneeded JARs during scanning can improve startup time and JSP compilation time.
13-Jun-2018 05:30:17.444 INFO [main] org.apache.catalina.startup.HostConfig.deployDirectory Deployment of web application directory [D:\Users\Desktop\DICT Bootcamp\Web Server\apache-tomcat-9.0.8\webapps\examples] has finished in [516] ms
13-Jun-2018 05:30:17.444 INFO [main] org.apache.catalina.startup.HostConfig.deployDirectory Deploying web application directory [D:\Users\Desktop\DICT Bootcamp\Web Server\apache-tomcat-9.0.8\webapps\host-manager]
13-Jun-2018 05:30:17.709 INFO [main] org.apache.jasper.servlet.TldScanner.scanJars At least one JAR was scanned for TLDs yet contained no TLDs. Enable debug logging for this logger for a complete list of JARs that were scanned but no TLDs were found in them. Skipping unneeded JARs during scanning can improve startup time and JSP compilation time.
13-Jun-2018 05:30:17.725 INFO [main] org.apache.catalina.startup.HostConfig.deployDirectory Deployment of web application directory [D:\Users\Desktop\DICT Bootcamp\Web Server\apache-tomcat-9.0.8\webapps\host-manager] has finished in [281] ms
13-Jun-2018 05:30:17.725 INFO [main] org.apache.catalina.startup.HostConfig.deployDirectory Deploying web application directory [D:\Users\Desktop\DICT Bootcamp\Web Server\apache-tomcat-9.0.8\webapps\manager]
13-Jun-2018 05:30:18.006 INFO [main] org.apache.jasper.servlet.TldScanner.scanJars At least one JAR was scanned for TLDs yet contained no TLDs. Enable debug logging for this logger for a complete list of JARs that were scanned but no TLDs were found in them. Skipping unneeded JARs during scanning can improve startup time and JSP compilation time.
13-Jun-2018 05:30:18.006 INFO [main] org.apache.catalina.startup.HostConfig.deployDirectory Deployment of web application directory [D:\Users\Desktop\DICT Bootcamp\Web Server\apache-tomcat-9.0.8\webapps\manager] has finished in [281] ms
13-Jun-2018 05:30:18.006 INFO [main] org.apache.catalina.startup.HostConfig.deployDirectory Deploying web application directory [D:\Users\Desktop\DICT Bootcamp\Web Server\apache-tomcat-9.0.8\webapps\memorablequotes]
13-Jun-2018 05:30:18.288 INFO [main] org.apache.jasper.servlet.TldScanner.scanJars At least one JAR was scanned for TLDs yet contained no TLDs. Enable debug logging for this logger for a complete list of JARs that were scanned but no TLDs were found in them. Skipping unneeded JARs during scanning can improve startup time and JSP compilation time.
13-Jun-2018 05:30:18.303 INFO [main] org.apache.catalina.startup.HostConfig.deployDirectory Deployment of web application directory [D:\Users\Desktop\DICT Bootcamp\Web Server\apache-tomcat-9.0.8\webapps\memorablequotes] has finished in [282] ms
13-Jun-2018 05:30:18.303 INFO [main] org.apache.catalina.startup.HostConfig.deployDirectory Deploying web application directory [D:\Users\Desktop\DICT Bootcamp\Web Server\apache-tomcat-9.0.8\webapps\mycoolwebapp]
13-Jun-2018 05:30:18.584 INFO [main] org.apache.jasper.servlet.TldScanner.scanJars At least one JAR was scanned for TLDs yet contained no TLDs. Enable debug logging for this logger for a complete list of JARs that were scanned but no TLDs were found in them. Skipping unneeded JARs during scanning can improve startup time and JSP compilation time.
13-Jun-2018 05:30:18.584 INFO [main] org.apache.catalina.startup.HostConfig.deployDirectory Deployment of web application directory [D:\Users\Desktop\DICT Bootcamp\Web Server\apache-tomcat-9.0.8\webapps\mycoolwebapp] has finished in [281] ms
13-Jun-2018 05:30:18.584 INFO [main] org.apache.catalina.startup.HostConfig.deployDirectory Deploying web application directory [D:\Users\Desktop\DICT Bootcamp\Web Server\apache-tomcat-9.0.8\webapps\MyWebServiceClient]
13-Jun-2018 05:30:18.897 INFO [main] org.apache.jasper.servlet.TldScanner.scanJars At least one JAR was scanned for TLDs yet contained no TLDs. Enable debug logging for this logger for a complete list of JARs that were scanned but no TLDs were found in them. Skipping unneeded JARs during scanning can improve startup time and JSP compilation time.
13-Jun-2018 05:30:18.912 INFO [main] org.apache.catalina.startup.HostConfig.deployDirectory Deployment of web application directory [D:\Users\Desktop\DICT Bootcamp\Web Server\apache-tomcat-9.0.8\webapps\MyWebServiceClient] has finished in [328] ms
13-Jun-2018 05:30:18.912 INFO [main] org.apache.catalina.startup.HostConfig.deployDirectory Deploying web application directory [D:\Users\Desktop\DICT Bootcamp\Web Server\apache-tomcat-9.0.8\webapps\ROOT]
13-Jun-2018 05:30:19.194 INFO [main] org.apache.jasper.servlet.TldScanner.scanJars At least one JAR was scanned for TLDs yet contained no TLDs. Enable debug logging for this logger for a complete list of JARs that were scanned but no TLDs were found in them. Skipping unneeded JARs during scanning can improve startup time and JSP compilation time.
13-Jun-2018 05:30:19.194 INFO [main] org.apache.catalina.startup.HostConfig.deployDirectory Deployment of web application directory [D:\Users\Desktop\DICT Bootcamp\Web Server\apache-tomcat-9.0.8\webapps\ROOT] has finished in [282] ms
13-Jun-2018 05:30:19.194 INFO [main] org.apache.catalina.startup.HostConfig.deployDirectory Deploying web application directory [D:\Users\Desktop\DICT Bootcamp\Web Server\apache-tomcat-9.0.8\webapps\servletmemorablequotes]
13-Jun-2018 05:30:19.478 INFO [main] org.apache.jasper.servlet.TldScanner.scanJars At least one JAR was scanned for TLDs yet contained no TLDs. Enable debug logging for this logger for a complete list of JARs that were scanned but no TLDs were found in them. Skipping unneeded JARs during scanning can improve startup time and JSP compilation time.
13-Jun-2018 05:30:19.478 INFO [main] org.apache.catalina.startup.HostConfig.deployDirectory Deployment of web application directory [D:\Users\Desktop\DICT Bootcamp\Web Server\apache-tomcat-9.0.8\webapps\servletmemorablequotes] has finished in [284] ms
13-Jun-2018 05:30:19.478 INFO [main] org.apache.coyote.AbstractProtocol.start Starting ProtocolHandler ["http-nio-8080"]
13-Jun-2018 05:30:19.493 INFO [main] org.apache.coyote.AbstractProtocol.start Starting ProtocolHandler ["http-nio-8010"]
13-Jun-2018 05:30:19.493 INFO [main] org.apache.coyote.AbstractProtocol.start Starting ProtocolHandler ["ajp-nio-8009"]
13-Jun-2018 05:30:19.509 INFO [main] org.apache.catalina.startup.Catalina.start Server startup in 3529 ms
13-Jun-2018 05:31:43.486 INFO [Thread-6] org.apache.coyote.AbstractProtocol.pause Pausing ProtocolHandler ["http-nio-8080"]
13-Jun-2018 05:31:43.627 INFO [Thread-6] org.apache.coyote.AbstractProtocol.pause Pausing ProtocolHandler ["http-nio-8010"]
13-Jun-2018 05:31:43.705 INFO [Thread-6] org.apache.coyote.AbstractProtocol.pause Pausing ProtocolHandler ["ajp-nio-8009"]
13-Jun-2018 05:31:43.830 INFO [Thread-6] org.apache.catalina.core.StandardService.stopInternal Stopping service [Catalina]
13-Jun-2018 05:31:43.861 INFO [Thread-6] org.apache.coyote.AbstractProtocol.stop Stopping ProtocolHandler ["http-nio-8080"]
13-Jun-2018 05:31:43.924 INFO [Thread-6] org.apache.coyote.AbstractProtocol.stop Stopping ProtocolHandler ["http-nio-8010"]
13-Jun-2018 05:31:43.924 INFO [Thread-6] org.apache.coyote.AbstractProtocol.stop Stopping ProtocolHandler ["ajp-nio-8009"]
13-Jun-2018 05:31:43.924 INFO [Thread-6] org.apache.coyote.AbstractProtocol.destroy Destroying ProtocolHandler ["http-nio-8080"]
13-Jun-2018 05:31:43.924 INFO [Thread-6] org.apache.coyote.AbstractProtocol.destroy Destroying ProtocolHandler ["http-nio-8010"]
13-Jun-2018 05:31:43.924 INFO [Thread-6] org.apache.coyote.AbstractProtocol.destroy Destroying ProtocolHandler ["ajp-nio-8009"]
13-Jun-2018 05:31:46.689 INFO [main] org.apache.catalina.startup.VersionLoggerListener.log Server version:        Apache Tomcat/9.0.8
13-Jun-2018 05:31:46.705 INFO [main] org.apache.catalina.startup.VersionLoggerListener.log Server built:          Apr 27 2018 19:32:00 UTC
13-Jun-2018 05:31:46.705 INFO [main] org.apache.catalina.startup.VersionLoggerListener.log Server number:         9.0.8.0
13-Jun-2018 05:31:46.705 INFO [main] org.apache.catalina.startup.VersionLoggerListener.log OS Name:               Windows 10
13-Jun-2018 05:31:46.705 INFO [main] org.apache.catalina.startup.VersionLoggerListener.log OS Version:            10.0
13-Jun-2018 05:31:46.705 INFO [main] org.apache.catalina.startup.VersionLoggerListener.log Architecture:          amd64
13-Jun-2018 05:31:46.705 INFO [main] org.apache.catalina.startup.VersionLoggerListener.log Java Home:             C:\Program Files\Java\jdk1.8.0_171\jre
13-Jun-2018 05:31:46.705 INFO [main] org.apache.catalina.startup.VersionLoggerListener.log JVM Version:           1.8.0_171-b11
13-Jun-2018 05:31:46.705 INFO [main] org.apache.catalina.startup.VersionLoggerListener.log JVM Vendor:            Oracle Corporation
13-Jun-2018 05:31:46.705 INFO [main] org.apache.catalina.startup.VersionLoggerListener.log CATALINA_BASE:         D:\Users\Desktop\DICT Bootcamp\Web Server\apache-tomcat-9.0.8
13-Jun-2018 05:31:46.705 INFO [main] org.apache.catalina.startup.VersionLoggerListener.log CATALINA_HOME:         D:\Users\Desktop\DICT Bootcamp\Web Server\apache-tomcat-9.0.8
13-Jun-2018 05:31:46.705 INFO [main] org.apache.catalina.startup.VersionLoggerListener.log Command line argument: -Djava.util.logging.config.file=D:\Users\Desktop\DICT Bootcamp\Web Server\apache-tomcat-9.0.8\conf\logging.properties
13-Jun-2018 05:31:46.705 INFO [main] org.apache.catalina.startup.VersionLoggerListener.log Command line argument: -Djava.util.logging.manager=org.apache.juli.ClassLoaderLogManager
13-Jun-2018 05:31:46.705 INFO [main] org.apache.catalina.startup.VersionLoggerListener.log Command line argument: -Djdk.tls.ephemeralDHKeySize=2048
13-Jun-2018 05:31:46.705 INFO [main] org.apache.catalina.startup.VersionLoggerListener.log Command line argument: -Djava.protocol.handler.pkgs=org.apache.catalina.webresources
13-Jun-2018 05:31:46.705 INFO [main] org.apache.catalina.startup.VersionLoggerListener.log Command line argument: -Dignore.endorsed.dirs=
13-Jun-2018 05:31:46.705 INFO [main] org.apache.catalina.startup.VersionLoggerListener.log Command line argument: -Dcatalina.base=D:\Users\Desktop\DICT Bootcamp\Web Server\apache-tomcat-9.0.8
13-Jun-2018 05:31:46.705 INFO [main] org.apache.catalina.startup.VersionLoggerListener.log Command line argument: -Dcatalina.home=D:\Users\Desktop\DICT Bootcamp\Web Server\apache-tomcat-9.0.8
13-Jun-2018 05:31:46.705 INFO [main] org.apache.catalina.startup.VersionLoggerListener.log Command line argument: -Djava.io.tmpdir=D:\Users\Desktop\DICT Bootcamp\Web Server\apache-tomcat-9.0.8\temp
13-Jun-2018 05:31:46.721 INFO [main] org.apache.catalina.core.AprLifecycleListener.lifecycleEvent The APR based Apache Tomcat Native library which allows optimal performance in production environments was not found on the java.library.path: [C:\Program Files\Java\jdk1.8.0_171\bin;C:\WINDOWS\Sun\Java\bin;C:\WINDOWS\system32;C:\WINDOWS;C:\Program Files (x86)\Common Files\Oracle\Java\javapath;C:\Program Files (x86)\Intel\iCLS Client\;C:\Program Files\Intel\iCLS Client\;C:\Windows\system32;C:\Windows;C:\Windows\System32\Wbem;C:\Windows\System32\WindowsPowerShell\v1.0\;C:\Program Files (x86)\NVIDIA Corporation\PhysX\Common;C:\Program Files (x86)\Intel\Intel(R) Management Engine Components\DAL;C:\Program Files\Intel\Intel(R) Management Engine Components\DAL;C:\Program Files (x86)\Intel\Intel(R) Management Engine Components\IPT;C:\Program Files\Intel\Intel(R) Management Engine Components\IPT;C:\Program Files\Intel\WiFi\bin\;C:\Program Files\Common Files\Intel\WirelessCommon\;C:\Program Files\nodejs\;C:\WINDOWS\system32;C:\WINDOWS;C:\WINDOWS\System32\Wbem;C:\WINDOWS\System32\WindowsPowerShell\v1.0\;C:\WINDOWS\System32\OpenSSH\;C:\Users\iampaderan\AppData\Local\Microsoft\WindowsApps;C:\Program Files\Microsoft VS Code\bin;C:\Users\iampaderan\AppData\Roaming\npm;C:\Program Files\Java\jdk1.8.0_171\bin;;.]
13-Jun-2018 05:31:46.846 INFO [main] org.apache.coyote.AbstractProtocol.init Initializing ProtocolHandler ["http-nio-8080"]
13-Jun-2018 05:31:46.955 INFO [main] org.apache.tomcat.util.net.NioSelectorPool.getSharedSelector Using a shared selector for servlet write/read
13-Jun-2018 05:31:46.955 INFO [main] org.apache.coyote.AbstractProtocol.init Initializing ProtocolHandler ["http-nio-8010"]
13-Jun-2018 05:31:46.955 INFO [main] org.apache.tomcat.util.net.NioSelectorPool.getSharedSelector Using a shared selector for servlet write/read
13-Jun-2018 05:31:46.955 INFO [main] org.apache.coyote.AbstractProtocol.init Initializing ProtocolHandler ["ajp-nio-8009"]
13-Jun-2018 05:31:46.955 INFO [main] org.apache.tomcat.util.net.NioSelectorPool.getSharedSelector Using a shared selector for servlet write/read
13-Jun-2018 05:31:46.955 INFO [main] org.apache.catalina.startup.Catalina.load Initialization processed in 606 ms
13-Jun-2018 05:31:46.986 INFO [main] org.apache.catalina.core.StandardService.startInternal Starting service [Catalina]
13-Jun-2018 05:31:46.986 INFO [main] org.apache.catalina.core.StandardEngine.startInternal Starting Servlet Engine: Apache Tomcat/9.0.8
13-Jun-2018 05:31:47.002 INFO [main] org.apache.catalina.startup.HostConfig.deployDirectory Deploying web application directory [D:\Users\Desktop\DICT Bootcamp\Web Server\apache-tomcat-9.0.8\webapps\assetapp]
13-Jun-2018 05:31:47.533 INFO [main] org.apache.jasper.servlet.TldScanner.scanJars At least one JAR was scanned for TLDs yet contained no TLDs. Enable debug logging for this logger for a complete list of JARs that were scanned but no TLDs were found in them. Skipping unneeded JARs during scanning can improve startup time and JSP compilation time.
13-Jun-2018 05:31:47.564 INFO [main] org.apache.catalina.startup.HostConfig.deployDirectory Deployment of web application directory [D:\Users\Desktop\DICT Bootcamp\Web Server\apache-tomcat-9.0.8\webapps\assetapp] has finished in [562] ms
13-Jun-2018 05:31:47.564 INFO [main] org.apache.catalina.startup.HostConfig.deployDirectory Deploying web application directory [D:\Users\Desktop\DICT Bootcamp\Web Server\apache-tomcat-9.0.8\webapps\docs]
13-Jun-2018 05:31:47.849 INFO [main] org.apache.jasper.servlet.TldScanner.scanJars At least one JAR was scanned for TLDs yet contained no TLDs. Enable debug logging for this logger for a complete list of JARs that were scanned but no TLDs were found in them. Skipping unneeded JARs during scanning can improve startup time and JSP compilation time.
13-Jun-2018 05:31:47.849 INFO [main] org.apache.catalina.startup.HostConfig.deployDirectory Deployment of web application directory [D:\Users\Desktop\DICT Bootcamp\Web Server\apache-tomcat-9.0.8\webapps\docs] has finished in [285] ms
13-Jun-2018 05:31:47.849 INFO [main] org.apache.catalina.startup.HostConfig.deployDirectory Deploying web application directory [D:\Users\Desktop\DICT Bootcamp\Web Server\apache-tomcat-9.0.8\webapps\examples]
13-Jun-2018 05:31:48.302 INFO [main] org.apache.jasper.servlet.TldScanner.scanJars At least one JAR was scanned for TLDs yet contained no TLDs. Enable debug logging for this logger for a complete list of JARs that were scanned but no TLDs were found in them. Skipping unneeded JARs during scanning can improve startup time and JSP compilation time.
13-Jun-2018 05:31:48.365 INFO [main] org.apache.catalina.startup.HostConfig.deployDirectory Deployment of web application directory [D:\Users\Desktop\DICT Bootcamp\Web Server\apache-tomcat-9.0.8\webapps\examples] has finished in [516] ms
13-Jun-2018 05:31:48.365 INFO [main] org.apache.catalina.startup.HostConfig.deployDirectory Deploying web application directory [D:\Users\Desktop\DICT Bootcamp\Web Server\apache-tomcat-9.0.8\webapps\host-manager]
13-Jun-2018 05:31:48.662 INFO [main] org.apache.jasper.servlet.TldScanner.scanJars At least one JAR was scanned for TLDs yet contained no TLDs. Enable debug logging for this logger for a complete list of JARs that were scanned but no TLDs were found in them. Skipping unneeded JARs during scanning can improve startup time and JSP compilation time.
13-Jun-2018 05:31:48.662 INFO [main] org.apache.catalina.startup.HostConfig.deployDirectory Deployment of web application directory [D:\Users\Desktop\DICT Bootcamp\Web Server\apache-tomcat-9.0.8\webapps\host-manager] has finished in [297] ms
13-Jun-2018 05:31:48.662 INFO [main] org.apache.catalina.startup.HostConfig.deployDirectory Deploying web application directory [D:\Users\Desktop\DICT Bootcamp\Web Server\apache-tomcat-9.0.8\webapps\manager]
13-Jun-2018 05:31:48.943 INFO [main] org.apache.jasper.servlet.TldScanner.scanJars At least one JAR was scanned for TLDs yet contained no TLDs. Enable debug logging for this logger for a complete list of JARs that were scanned but no TLDs were found in them. Skipping unneeded JARs during scanning can improve startup time and JSP compilation time.
13-Jun-2018 05:31:48.959 INFO [main] org.apache.catalina.startup.HostConfig.deployDirectory Deployment of web application directory [D:\Users\Desktop\DICT Bootcamp\Web Server\apache-tomcat-9.0.8\webapps\manager] has finished in [297] ms
13-Jun-2018 05:31:48.959 INFO [main] org.apache.catalina.startup.HostConfig.deployDirectory Deploying web application directory [D:\Users\Desktop\DICT Bootcamp\Web Server\apache-tomcat-9.0.8\webapps\memorablequotes]
13-Jun-2018 05:31:49.209 INFO [main] org.apache.jasper.servlet.TldScanner.scanJars At least one JAR was scanned for TLDs yet contained no TLDs. Enable debug logging for this logger for a complete list of JARs that were scanned but no TLDs were found in them. Skipping unneeded JARs during scanning can improve startup time and JSP compilation time.
13-Jun-2018 05:31:49.224 INFO [main] org.apache.catalina.startup.HostConfig.deployDirectory Deployment of web application directory [D:\Users\Desktop\DICT Bootcamp\Web Server\apache-tomcat-9.0.8\webapps\memorablequotes] has finished in [265] ms
13-Jun-2018 05:31:49.224 INFO [main] org.apache.catalina.startup.HostConfig.deployDirectory Deploying web application directory [D:\Users\Desktop\DICT Bootcamp\Web Server\apache-tomcat-9.0.8\webapps\mycoolwebapp]
13-Jun-2018 05:31:49.480 INFO [main] org.apache.jasper.servlet.TldScanner.scanJars At least one JAR was scanned for TLDs yet contained no TLDs. Enable debug logging for this logger for a complete list of JARs that were scanned but no TLDs were found in them. Skipping unneeded JARs during scanning can improve startup time and JSP compilation time.
13-Jun-2018 05:31:49.496 INFO [main] org.apache.catalina.startup.HostConfig.deployDirectory Deployment of web application directory [D:\Users\Desktop\DICT Bootcamp\Web Server\apache-tomcat-9.0.8\webapps\mycoolwebapp] has finished in [272] ms
13-Jun-2018 05:31:49.496 INFO [main] org.apache.catalina.startup.HostConfig.deployDirectory Deploying web application directory [D:\Users\Desktop\DICT Bootcamp\Web Server\apache-tomcat-9.0.8\webapps\MyWebServiceClient]
13-Jun-2018 05:31:49.824 INFO [main] org.apache.jasper.servlet.TldScanner.scanJars At least one JAR was scanned for TLDs yet contained no TLDs. Enable debug logging for this logger for a complete list of JARs that were scanned but no TLDs were found in them. Skipping unneeded JARs during scanning can improve startup time and JSP compilation time.
13-Jun-2018 05:31:49.824 INFO [main] org.apache.catalina.startup.HostConfig.deployDirectory Deployment of web application directory [D:\Users\Desktop\DICT Bootcamp\Web Server\apache-tomcat-9.0.8\webapps\MyWebServiceClient] has finished in [328] ms
13-Jun-2018 05:31:49.839 INFO [main] org.apache.catalina.startup.HostConfig.deployDirectory Deploying web application directory [D:\Users\Desktop\DICT Bootcamp\Web Server\apache-tomcat-9.0.8\webapps\ROOT]
13-Jun-2018 05:31:50.192 INFO [main] org.apache.jasper.servlet.TldScanner.scanJars At least one JAR was scanned for TLDs yet contained no TLDs. Enable debug logging for this logger for a complete list of JARs that were scanned but no TLDs were found in them. Skipping unneeded JARs during scanning can improve startup time and JSP compilation time.
13-Jun-2018 05:31:50.207 INFO [main] org.apache.catalina.startup.HostConfig.deployDirectory Deployment of web application directory [D:\Users\Desktop\DICT Bootcamp\Web Server\apache-tomcat-9.0.8\webapps\ROOT] has finished in [383] ms
13-Jun-2018 05:31:50.207 INFO [main] org.apache.catalina.startup.HostConfig.deployDirectory Deploying web application directory [D:\Users\Desktop\DICT Bootcamp\Web Server\apache-tomcat-9.0.8\webapps\servletmemorablequotes]
13-Jun-2018 05:31:50.656 INFO [main] org.apache.jasper.servlet.TldScanner.scanJars At least one JAR was scanned for TLDs yet contained no TLDs. Enable debug logging for this logger for a complete list of JARs that were scanned but no TLDs were found in them. Skipping unneeded JARs during scanning can improve startup time and JSP compilation time.
13-Jun-2018 05:31:50.656 INFO [main] org.apache.catalina.startup.HostConfig.deployDirectory Deployment of web application directory [D:\Users\Desktop\DICT Bootcamp\Web Server\apache-tomcat-9.0.8\webapps\servletmemorablequotes] has finished in [449] ms
13-Jun-2018 05:31:50.672 INFO [main] org.apache.coyote.AbstractProtocol.start Starting ProtocolHandler ["http-nio-8080"]
13-Jun-2018 05:31:50.688 INFO [main] org.apache.coyote.AbstractProtocol.start Starting ProtocolHandler ["http-nio-8010"]
13-Jun-2018 05:31:50.688 INFO [main] org.apache.coyote.AbstractProtocol.start Starting ProtocolHandler ["ajp-nio-8009"]
13-Jun-2018 05:31:50.703 INFO [main] org.apache.catalina.startup.Catalina.start Server startup in 3738 ms
13-Jun-2018 05:34:54.790 INFO [Thread-6] org.apache.coyote.AbstractProtocol.pause Pausing ProtocolHandler ["http-nio-8080"]
13-Jun-2018 05:34:54.946 INFO [Thread-6] org.apache.coyote.AbstractProtocol.pause Pausing ProtocolHandler ["http-nio-8010"]
13-Jun-2018 05:34:55.071 INFO [Thread-6] org.apache.coyote.AbstractProtocol.pause Pausing ProtocolHandler ["ajp-nio-8009"]
13-Jun-2018 05:34:55.211 INFO [Thread-6] org.apache.catalina.core.StandardService.stopInternal Stopping service [Catalina]
13-Jun-2018 05:34:55.258 INFO [Thread-6] org.apache.coyote.AbstractProtocol.stop Stopping ProtocolHandler ["http-nio-8080"]
13-Jun-2018 05:34:55.258 INFO [Thread-6] org.apache.coyote.AbstractProtocol.stop Stopping ProtocolHandler ["http-nio-8010"]
13-Jun-2018 05:34:55.274 INFO [Thread-6] org.apache.coyote.AbstractProtocol.stop Stopping ProtocolHandler ["ajp-nio-8009"]
13-Jun-2018 05:34:55.274 INFO [Thread-6] org.apache.coyote.AbstractProtocol.destroy Destroying ProtocolHandler ["http-nio-8080"]
13-Jun-2018 05:34:55.274 INFO [Thread-6] org.apache.coyote.AbstractProtocol.destroy Destroying ProtocolHandler ["http-nio-8010"]
13-Jun-2018 05:34:55.274 INFO [Thread-6] org.apache.coyote.AbstractProtocol.destroy Destroying ProtocolHandler ["ajp-nio-8009"]
13-Jun-2018 05:34:59.392 INFO [main] org.apache.catalina.startup.VersionLoggerListener.log Server version:        Apache Tomcat/9.0.8
13-Jun-2018 05:34:59.392 INFO [main] org.apache.catalina.startup.VersionLoggerListener.log Server built:          Apr 27 2018 19:32:00 UTC
13-Jun-2018 05:34:59.392 INFO [main] org.apache.catalina.startup.VersionLoggerListener.log Server number:         9.0.8.0
13-Jun-2018 05:34:59.392 INFO [main] org.apache.catalina.startup.VersionLoggerListener.log OS Name:               Windows 10
13-Jun-2018 05:34:59.392 INFO [main] org.apache.catalina.startup.VersionLoggerListener.log OS Version:            10.0
13-Jun-2018 05:34:59.392 INFO [main] org.apache.catalina.startup.VersionLoggerListener.log Architecture:          amd64
13-Jun-2018 05:34:59.407 INFO [main] org.apache.catalina.startup.VersionLoggerListener.log Java Home:             C:\Program Files\Java\jdk1.8.0_171\jre
13-Jun-2018 05:34:59.407 INFO [main] org.apache.catalina.startup.VersionLoggerListener.log JVM Version:           1.8.0_171-b11
13-Jun-2018 05:34:59.407 INFO [main] org.apache.catalina.startup.VersionLoggerListener.log JVM Vendor:            Oracle Corporation
13-Jun-2018 05:34:59.407 INFO [main] org.apache.catalina.startup.VersionLoggerListener.log CATALINA_BASE:         D:\Users\Desktop\DICT Bootcamp\Web Server\apache-tomcat-9.0.8
13-Jun-2018 05:34:59.407 INFO [main] org.apache.catalina.startup.VersionLoggerListener.log CATALINA_HOME:         D:\Users\Desktop\DICT Bootcamp\Web Server\apache-tomcat-9.0.8
13-Jun-2018 05:34:59.407 INFO [main] org.apache.catalina.startup.VersionLoggerListener.log Command line argument: -Djava.util.logging.config.file=D:\Users\Desktop\DICT Bootcamp\Web Server\apache-tomcat-9.0.8\conf\logging.properties
13-Jun-2018 05:34:59.407 INFO [main] org.apache.catalina.startup.VersionLoggerListener.log Command line argument: -Djava.util.logging.manager=org.apache.juli.ClassLoaderLogManager
13-Jun-2018 05:34:59.407 INFO [main] org.apache.catalina.startup.VersionLoggerListener.log Command line argument: -Djdk.tls.ephemeralDHKeySize=2048
13-Jun-2018 05:34:59.407 INFO [main] org.apache.catalina.startup.VersionLoggerListener.log Command line argument: -Djava.protocol.handler.pkgs=org.apache.catalina.webresources
13-Jun-2018 05:34:59.407 INFO [main] org.apache.catalina.startup.VersionLoggerListener.log Command line argument: -Dignore.endorsed.dirs=
13-Jun-2018 05:34:59.407 INFO [main] org.apache.catalina.startup.VersionLoggerListener.log Command line argument: -Dcatalina.base=D:\Users\Desktop\DICT Bootcamp\Web Server\apache-tomcat-9.0.8
13-Jun-2018 05:34:59.407 INFO [main] org.apache.catalina.startup.VersionLoggerListener.log Command line argument: -Dcatalina.home=D:\Users\Desktop\DICT Bootcamp\Web Server\apache-tomcat-9.0.8
13-Jun-2018 05:34:59.407 INFO [main] org.apache.catalina.startup.VersionLoggerListener.log Command line argument: -Djava.io.tmpdir=D:\Users\Desktop\DICT Bootcamp\Web Server\apache-tomcat-9.0.8\temp
13-Jun-2018 05:34:59.407 INFO [main] org.apache.catalina.core.AprLifecycleListener.lifecycleEvent The APR based Apache Tomcat Native library which allows optimal performance in production environments was not found on the java.library.path: [C:\Program Files\Java\jdk1.8.0_171\bin;C:\WINDOWS\Sun\Java\bin;C:\WINDOWS\system32;C:\WINDOWS;C:\Program Files (x86)\Common Files\Oracle\Java\javapath;C:\Program Files (x86)\Intel\iCLS Client\;C:\Program Files\Intel\iCLS Client\;C:\Windows\system32;C:\Windows;C:\Windows\System32\Wbem;C:\Windows\System32\WindowsPowerShell\v1.0\;C:\Program Files (x86)\NVIDIA Corporation\PhysX\Common;C:\Program Files (x86)\Intel\Intel(R) Management Engine Components\DAL;C:\Program Files\Intel\Intel(R) Management Engine Components\DAL;C:\Program Files (x86)\Intel\Intel(R) Management Engine Components\IPT;C:\Program Files\Intel\Intel(R) Management Engine Components\IPT;C:\Program Files\Intel\WiFi\bin\;C:\Program Files\Common Files\Intel\WirelessCommon\;C:\Program Files\nodejs\;C:\WINDOWS\system32;C:\WINDOWS;C:\WINDOWS\System32\Wbem;C:\WINDOWS\System32\WindowsPowerShell\v1.0\;C:\WINDOWS\System32\OpenSSH\;C:\Users\iampaderan\AppData\Local\Microsoft\WindowsApps;C:\Program Files\Microsoft VS Code\bin;C:\Users\iampaderan\AppData\Roaming\npm;C:\Program Files\Java\jdk1.8.0_171\bin;;.]
13-Jun-2018 05:34:59.522 INFO [main] org.apache.coyote.AbstractProtocol.init Initializing ProtocolHandler ["http-nio-8080"]
13-Jun-2018 05:34:59.632 INFO [main] org.apache.tomcat.util.net.NioSelectorPool.getSharedSelector Using a shared selector for servlet write/read
13-Jun-2018 05:34:59.632 INFO [main] org.apache.coyote.AbstractProtocol.init Initializing ProtocolHandler ["http-nio-8010"]
13-Jun-2018 05:34:59.632 INFO [main] org.apache.tomcat.util.net.NioSelectorPool.getSharedSelector Using a shared selector for servlet write/read
13-Jun-2018 05:34:59.632 INFO [main] org.apache.coyote.AbstractProtocol.init Initializing ProtocolHandler ["ajp-nio-8009"]
13-Jun-2018 05:34:59.632 INFO [main] org.apache.tomcat.util.net.NioSelectorPool.getSharedSelector Using a shared selector for servlet write/read
13-Jun-2018 05:34:59.647 INFO [main] org.apache.catalina.startup.Catalina.load Initialization processed in 571 ms
13-Jun-2018 05:34:59.663 INFO [main] org.apache.catalina.core.StandardService.startInternal Starting service [Catalina]
13-Jun-2018 05:34:59.663 INFO [main] org.apache.catalina.core.StandardEngine.startInternal Starting Servlet Engine: Apache Tomcat/9.0.8
13-Jun-2018 05:34:59.679 INFO [main] org.apache.catalina.startup.HostConfig.deployDirectory Deploying web application directory [D:\Users\Desktop\DICT Bootcamp\Web Server\apache-tomcat-9.0.8\webapps\assetapp]
13-Jun-2018 05:35:00.241 INFO [main] org.apache.jasper.servlet.TldScanner.scanJars At least one JAR was scanned for TLDs yet contained no TLDs. Enable debug logging for this logger for a complete list of JARs that were scanned but no TLDs were found in them. Skipping unneeded JARs during scanning can improve startup time and JSP compilation time.
13-Jun-2018 05:35:00.272 INFO [main] org.apache.catalina.startup.HostConfig.deployDirectory Deployment of web application directory [D:\Users\Desktop\DICT Bootcamp\Web Server\apache-tomcat-9.0.8\webapps\assetapp] has finished in [593] ms
13-Jun-2018 05:35:00.272 INFO [main] org.apache.catalina.startup.HostConfig.deployDirectory Deploying web application directory [D:\Users\Desktop\DICT Bootcamp\Web Server\apache-tomcat-9.0.8\webapps\docs]
13-Jun-2018 05:35:00.567 INFO [main] org.apache.jasper.servlet.TldScanner.scanJars At least one JAR was scanned for TLDs yet contained no TLDs. Enable debug logging for this logger for a complete list of JARs that were scanned but no TLDs were found in them. Skipping unneeded JARs during scanning can improve startup time and JSP compilation time.
13-Jun-2018 05:35:00.567 INFO [main] org.apache.catalina.startup.HostConfig.deployDirectory Deployment of web application directory [D:\Users\Desktop\DICT Bootcamp\Web Server\apache-tomcat-9.0.8\webapps\docs] has finished in [295] ms
13-Jun-2018 05:35:00.567 INFO [main] org.apache.catalina.startup.HostConfig.deployDirectory Deploying web application directory [D:\Users\Desktop\DICT Bootcamp\Web Server\apache-tomcat-9.0.8\webapps\examples]
13-Jun-2018 05:35:00.973 INFO [main] org.apache.jasper.servlet.TldScanner.scanJars At least one JAR was scanned for TLDs yet contained no TLDs. Enable debug logging for this logger for a complete list of JARs that were scanned but no TLDs were found in them. Skipping unneeded JARs during scanning can improve startup time and JSP compilation time.
13-Jun-2018 05:35:01.036 INFO [main] org.apache.catalina.startup.HostConfig.deployDirectory Deployment of web application directory [D:\Users\Desktop\DICT Bootcamp\Web Server\apache-tomcat-9.0.8\webapps\examples] has finished in [469] ms
13-Jun-2018 05:35:01.036 INFO [main] org.apache.catalina.startup.HostConfig.deployDirectory Deploying web application directory [D:\Users\Desktop\DICT Bootcamp\Web Server\apache-tomcat-9.0.8\webapps\host-manager]
13-Jun-2018 05:35:01.286 INFO [main] org.apache.jasper.servlet.TldScanner.scanJars At least one JAR was scanned for TLDs yet contained no TLDs. Enable debug logging for this logger for a complete list of JARs that were scanned but no TLDs were found in them. Skipping unneeded JARs during scanning can improve startup time and JSP compilation time.
13-Jun-2018 05:35:01.286 INFO [main] org.apache.catalina.startup.HostConfig.deployDirectory Deployment of web application directory [D:\Users\Desktop\DICT Bootcamp\Web Server\apache-tomcat-9.0.8\webapps\host-manager] has finished in [250] ms
13-Jun-2018 05:35:01.286 INFO [main] org.apache.catalina.startup.HostConfig.deployDirectory Deploying web application directory [D:\Users\Desktop\DICT Bootcamp\Web Server\apache-tomcat-9.0.8\webapps\manager]
13-Jun-2018 05:35:01.581 INFO [main] org.apache.jasper.servlet.TldScanner.scanJars At least one JAR was scanned for TLDs yet contained no TLDs. Enable debug logging for this logger for a complete list of JARs that were scanned but no TLDs were found in them. Skipping unneeded JARs during scanning can improve startup time and JSP compilation time.
13-Jun-2018 05:35:01.581 INFO [main] org.apache.catalina.startup.HostConfig.deployDirectory Deployment of web application directory [D:\Users\Desktop\DICT Bootcamp\Web Server\apache-tomcat-9.0.8\webapps\manager] has finished in [295] ms
13-Jun-2018 05:35:01.581 INFO [main] org.apache.catalina.startup.HostConfig.deployDirectory Deploying web application directory [D:\Users\Desktop\DICT Bootcamp\Web Server\apache-tomcat-9.0.8\webapps\memorablequotes]
13-Jun-2018 05:35:01.878 INFO [main] org.apache.jasper.servlet.TldScanner.scanJars At least one JAR was scanned for TLDs yet contained no TLDs. Enable debug logging for this logger for a complete list of JARs that were scanned but no TLDs were found in them. Skipping unneeded JARs during scanning can improve startup time and JSP compilation time.
13-Jun-2018 05:35:01.894 INFO [main] org.apache.catalina.startup.HostConfig.deployDirectory Deployment of web application directory [D:\Users\Desktop\DICT Bootcamp\Web Server\apache-tomcat-9.0.8\webapps\memorablequotes] has finished in [313] ms
13-Jun-2018 05:35:01.894 INFO [main] org.apache.catalina.startup.HostConfig.deployDirectory Deploying web application directory [D:\Users\Desktop\DICT Bootcamp\Web Server\apache-tomcat-9.0.8\webapps\mycoolwebapp]
13-Jun-2018 05:35:02.159 INFO [main] org.apache.jasper.servlet.TldScanner.scanJars At least one JAR was scanned for TLDs yet contained no TLDs. Enable debug logging for this logger for a complete list of JARs that were scanned but no TLDs were found in them. Skipping unneeded JARs during scanning can improve startup time and JSP compilation time.
13-Jun-2018 05:35:02.175 INFO [main] org.apache.catalina.startup.HostConfig.deployDirectory Deployment of web application directory [D:\Users\Desktop\DICT Bootcamp\Web Server\apache-tomcat-9.0.8\webapps\mycoolwebapp] has finished in [281] ms
13-Jun-2018 05:35:02.175 INFO [main] org.apache.catalina.startup.HostConfig.deployDirectory Deploying web application directory [D:\Users\Desktop\DICT Bootcamp\Web Server\apache-tomcat-9.0.8\webapps\MyWebServiceClient]
13-Jun-2018 05:35:02.441 INFO [main] org.apache.jasper.servlet.TldScanner.scanJars At least one JAR was scanned for TLDs yet contained no TLDs. Enable debug logging for this logger for a complete list of JARs that were scanned but no TLDs were found in them. Skipping unneeded JARs during scanning can improve startup time and JSP compilation time.
13-Jun-2018 05:35:02.441 INFO [main] org.apache.catalina.startup.HostConfig.deployDirectory Deployment of web application directory [D:\Users\Desktop\DICT Bootcamp\Web Server\apache-tomcat-9.0.8\webapps\MyWebServiceClient] has finished in [266] ms
13-Jun-2018 05:35:02.456 INFO [main] org.apache.catalina.startup.HostConfig.deployDirectory Deploying web application directory [D:\Users\Desktop\DICT Bootcamp\Web Server\apache-tomcat-9.0.8\webapps\ROOT]
13-Jun-2018 05:35:02.722 INFO [main] org.apache.jasper.servlet.TldScanner.scanJars At least one JAR was scanned for TLDs yet contained no TLDs. Enable debug logging for this logger for a complete list of JARs that were scanned but no TLDs were found in them. Skipping unneeded JARs during scanning can improve startup time and JSP compilation time.
13-Jun-2018 05:35:02.722 INFO [main] org.apache.catalina.startup.HostConfig.deployDirectory Deployment of web application directory [D:\Users\Desktop\DICT Bootcamp\Web Server\apache-tomcat-9.0.8\webapps\ROOT] has finished in [266] ms
13-Jun-2018 05:35:02.722 INFO [main] org.apache.catalina.startup.HostConfig.deployDirectory Deploying web application directory [D:\Users\Desktop\DICT Bootcamp\Web Server\apache-tomcat-9.0.8\webapps\servletmemorablequotes]
13-Jun-2018 05:35:03.003 INFO [main] org.apache.jasper.servlet.TldScanner.scanJars At least one JAR was scanned for TLDs yet contained no TLDs. Enable debug logging for this logger for a complete list of JARs that were scanned but no TLDs were found in them. Skipping unneeded JARs during scanning can improve startup time and JSP compilation time.
13-Jun-2018 05:35:03.019 INFO [main] org.apache.catalina.startup.HostConfig.deployDirectory Deployment of web application directory [D:\Users\Desktop\DICT Bootcamp\Web Server\apache-tomcat-9.0.8\webapps\servletmemorablequotes] has finished in [297] ms
13-Jun-2018 05:35:03.034 INFO [main] org.apache.coyote.AbstractProtocol.start Starting ProtocolHandler ["http-nio-8080"]
13-Jun-2018 05:35:03.034 INFO [main] org.apache.coyote.AbstractProtocol.start Starting ProtocolHandler ["http-nio-8010"]
13-Jun-2018 05:35:03.050 INFO [main] org.apache.coyote.AbstractProtocol.start Starting ProtocolHandler ["ajp-nio-8009"]
13-Jun-2018 05:35:03.050 INFO [main] org.apache.catalina.startup.Catalina.start Server startup in 3405 ms
13-Jun-2018 07:28:28.497 INFO [Thread-6] org.apache.coyote.AbstractProtocol.pause Pausing ProtocolHandler ["http-nio-8080"]
13-Jun-2018 07:28:28.669 INFO [Thread-6] org.apache.coyote.AbstractProtocol.pause Pausing ProtocolHandler ["http-nio-8010"]
13-Jun-2018 07:28:28.778 INFO [Thread-6] org.apache.coyote.AbstractProtocol.pause Pausing ProtocolHandler ["ajp-nio-8009"]
13-Jun-2018 07:28:28.935 INFO [Thread-6] org.apache.catalina.core.StandardService.stopInternal Stopping service [Catalina]
13-Jun-2018 07:28:29.028 INFO [Thread-6] org.apache.coyote.AbstractProtocol.stop Stopping ProtocolHandler ["http-nio-8080"]
13-Jun-2018 07:28:29.044 INFO [Thread-6] org.apache.coyote.AbstractProtocol.stop Stopping ProtocolHandler ["http-nio-8010"]
13-Jun-2018 07:28:29.044 INFO [Thread-6] org.apache.coyote.AbstractProtocol.stop Stopping ProtocolHandler ["ajp-nio-8009"]
13-Jun-2018 07:28:29.044 INFO [Thread-6] org.apache.coyote.AbstractProtocol.destroy Destroying ProtocolHandler ["http-nio-8080"]
13-Jun-2018 07:28:29.044 INFO [Thread-6] org.apache.coyote.AbstractProtocol.destroy Destroying ProtocolHandler ["http-nio-8010"]
13-Jun-2018 07:28:29.044 INFO [Thread-6] org.apache.coyote.AbstractProtocol.destroy Destroying ProtocolHandler ["ajp-nio-8009"]
