30-May-2018 01:40:42.113 INFO [main] org.apache.catalina.startup.VersionLoggerListener.log Server version:        Apache Tomcat/9.0.8
30-May-2018 01:40:42.118 INFO [main] org.apache.catalina.startup.VersionLoggerListener.log Server built:          Apr 27 2018 19:32:00 UTC
30-May-2018 01:40:42.119 INFO [main] org.apache.catalina.startup.VersionLoggerListener.log Server number:         9.0.8.0
30-May-2018 01:40:42.119 INFO [main] org.apache.catalina.startup.VersionLoggerListener.log OS Name:               Linux
30-May-2018 01:40:42.120 INFO [main] org.apache.catalina.startup.VersionLoggerListener.log OS Version:            4.4.0-17134-Microsoft
30-May-2018 01:40:42.120 INFO [main] org.apache.catalina.startup.VersionLoggerListener.log Architecture:          amd64
30-May-2018 01:40:42.120 INFO [main] org.apache.catalina.startup.VersionLoggerListener.log Java Home:             /usr/lib/jvm/java-8-openjdk-amd64/jre
30-May-2018 01:40:42.121 INFO [main] org.apache.catalina.startup.VersionLoggerListener.log JVM Version:           1.8.0_171-8u171-b11-0ubuntu0.16.04.1-b11
30-May-2018 01:40:42.121 INFO [main] org.apache.catalina.startup.VersionLoggerListener.log JVM Vendor:            Oracle Corporation
30-May-2018 01:40:42.121 INFO [main] org.apache.catalina.startup.VersionLoggerListener.log CATALINA_BASE:         /mnt/d/Users/Desktop/DICT Bootcamp/Web Server/apache-tomcat-9.0.8
30-May-2018 01:40:42.122 INFO [main] org.apache.catalina.startup.VersionLoggerListener.log CATALINA_HOME:         /mnt/d/Users/Desktop/DICT Bootcamp/Web Server/apache-tomcat-9.0.8
30-May-2018 01:40:42.122 INFO [main] org.apache.catalina.startup.VersionLoggerListener.log Command line argument: -Djava.util.logging.config.file=/mnt/d/Users/Desktop/DICT Bootcamp/Web Server/apache-tomcat-9.0.8/conf/logging.properties
30-May-2018 01:40:42.122 INFO [main] org.apache.catalina.startup.VersionLoggerListener.log Command line argument: -Djava.util.logging.manager=org.apache.juli.ClassLoaderLogManager
30-May-2018 01:40:42.124 INFO [main] org.apache.catalina.startup.VersionLoggerListener.log Command line argument: -Djdk.tls.ephemeralDHKeySize=2048
30-May-2018 01:40:42.125 INFO [main] org.apache.catalina.startup.VersionLoggerListener.log Command line argument: -Djava.protocol.handler.pkgs=org.apache.catalina.webresources
30-May-2018 01:40:42.126 INFO [main] org.apache.catalina.startup.VersionLoggerListener.log Command line argument: -Dorg.apache.catalina.security.SecurityListener.UMASK=0027
30-May-2018 01:40:42.127 INFO [main] org.apache.catalina.startup.VersionLoggerListener.log Command line argument: -Dignore.endorsed.dirs=
30-May-2018 01:40:42.127 INFO [main] org.apache.catalina.startup.VersionLoggerListener.log Command line argument: -Dcatalina.base=/mnt/d/Users/Desktop/DICT Bootcamp/Web Server/apache-tomcat-9.0.8
30-May-2018 01:40:42.128 INFO [main] org.apache.catalina.startup.VersionLoggerListener.log Command line argument: -Dcatalina.home=/mnt/d/Users/Desktop/DICT Bootcamp/Web Server/apache-tomcat-9.0.8
30-May-2018 01:40:42.129 INFO [main] org.apache.catalina.startup.VersionLoggerListener.log Command line argument: -Djava.io.tmpdir=/mnt/d/Users/Desktop/DICT Bootcamp/Web Server/apache-tomcat-9.0.8/temp
30-May-2018 01:40:42.130 INFO [main] org.apache.catalina.core.AprLifecycleListener.lifecycleEvent The APR based Apache Tomcat Native library which allows optimal performance in production environments was not found on the java.library.path: [/usr/java/packages/lib/amd64:/usr/lib/x86_64-linux-gnu/jni:/lib/x86_64-linux-gnu:/usr/lib/x86_64-linux-gnu:/usr/lib/jni:/lib:/usr/lib]
30-May-2018 01:40:42.546 INFO [main] org.apache.coyote.AbstractProtocol.init Initializing ProtocolHandler ["http-nio-8080"]
30-May-2018 01:40:42.635 INFO [main] org.apache.tomcat.util.net.NioSelectorPool.getSharedSelector Using a shared selector for servlet write/read
30-May-2018 01:40:42.668 INFO [main] org.apache.coyote.AbstractProtocol.init Initializing ProtocolHandler ["http-nio-8010"]
30-May-2018 01:40:42.672 INFO [main] org.apache.tomcat.util.net.NioSelectorPool.getSharedSelector Using a shared selector for servlet write/read
30-May-2018 01:40:42.677 INFO [main] org.apache.coyote.AbstractProtocol.init Initializing ProtocolHandler ["ajp-nio-8009"]
30-May-2018 01:40:42.682 INFO [main] org.apache.tomcat.util.net.NioSelectorPool.getSharedSelector Using a shared selector for servlet write/read
30-May-2018 01:40:42.687 INFO [main] org.apache.catalina.startup.Catalina.load Initialization processed in 2226 ms
30-May-2018 01:40:42.842 INFO [main] org.apache.catalina.core.StandardService.startInternal Starting service [Catalina]
30-May-2018 01:40:42.843 INFO [main] org.apache.catalina.core.StandardEngine.startInternal Starting Servlet Engine: Apache Tomcat/9.0.8
30-May-2018 01:40:42.875 INFO [main] org.apache.catalina.startup.HostConfig.deployDirectory Deploying web application directory [/mnt/d/Users/Desktop/DICT Bootcamp/Web Server/apache-tomcat-9.0.8/webapps/docs]
30-May-2018 01:40:44.054 INFO [main] org.apache.catalina.startup.HostConfig.deployDirectory Deployment of web application directory [/mnt/d/Users/Desktop/DICT Bootcamp/Web Server/apache-tomcat-9.0.8/webapps/docs] has finished in [1,178] ms
30-May-2018 01:40:44.056 INFO [main] org.apache.catalina.startup.HostConfig.deployDirectory Deploying web application directory [/mnt/d/Users/Desktop/DICT Bootcamp/Web Server/apache-tomcat-9.0.8/webapps/examples]
30-May-2018 01:40:45.053 INFO [main] org.apache.catalina.startup.HostConfig.deployDirectory Deployment of web application directory [/mnt/d/Users/Desktop/DICT Bootcamp/Web Server/apache-tomcat-9.0.8/webapps/examples] has finished in [997] ms
30-May-2018 01:40:45.055 INFO [main] org.apache.catalina.startup.HostConfig.deployDirectory Deploying web application directory [/mnt/d/Users/Desktop/DICT Bootcamp/Web Server/apache-tomcat-9.0.8/webapps/host-manager]
30-May-2018 01:40:45.176 INFO [main] org.apache.catalina.startup.HostConfig.deployDirectory Deployment of web application directory [/mnt/d/Users/Desktop/DICT Bootcamp/Web Server/apache-tomcat-9.0.8/webapps/host-manager] has finished in [120] ms
30-May-2018 01:40:45.177 INFO [main] org.apache.catalina.startup.HostConfig.deployDirectory Deploying web application directory [/mnt/d/Users/Desktop/DICT Bootcamp/Web Server/apache-tomcat-9.0.8/webapps/manager]
30-May-2018 01:40:45.407 INFO [main] org.apache.catalina.startup.HostConfig.deployDirectory Deployment of web application directory [/mnt/d/Users/Desktop/DICT Bootcamp/Web Server/apache-tomcat-9.0.8/webapps/manager] has finished in [230] ms
30-May-2018 01:40:45.410 INFO [main] org.apache.catalina.startup.HostConfig.deployDirectory Deploying web application directory [/mnt/d/Users/Desktop/DICT Bootcamp/Web Server/apache-tomcat-9.0.8/webapps/mycoolwebapp]
30-May-2018 01:40:45.525 INFO [main] org.apache.catalina.startup.HostConfig.deployDirectory Deployment of web application directory [/mnt/d/Users/Desktop/DICT Bootcamp/Web Server/apache-tomcat-9.0.8/webapps/mycoolwebapp] has finished in [115] ms
30-May-2018 01:40:45.526 INFO [main] org.apache.catalina.startup.HostConfig.deployDirectory Deploying web application directory [/mnt/d/Users/Desktop/DICT Bootcamp/Web Server/apache-tomcat-9.0.8/webapps/ROOT]
30-May-2018 01:40:45.599 INFO [main] org.apache.catalina.startup.HostConfig.deployDirectory Deployment of web application directory [/mnt/d/Users/Desktop/DICT Bootcamp/Web Server/apache-tomcat-9.0.8/webapps/ROOT] has finished in [72] ms
30-May-2018 01:40:45.610 INFO [main] org.apache.catalina.startup.HostConfig.deployDirectory Deploying web application directory [/mnt/d/Users/Desktop/DICT Bootcamp/Web Server/apache-tomcat-9.0.8/webapps/servletmemorablequotes]
30-May-2018 01:40:45.676 INFO [main] org.apache.catalina.startup.HostConfig.deployDirectory Deployment of web application directory [/mnt/d/Users/Desktop/DICT Bootcamp/Web Server/apache-tomcat-9.0.8/webapps/servletmemorablequotes] has finished in [67] ms
30-May-2018 01:40:45.685 INFO [main] org.apache.coyote.AbstractProtocol.start Starting ProtocolHandler ["http-nio-8080"]
30-May-2018 01:40:45.728 INFO [main] org.apache.coyote.AbstractProtocol.start Starting ProtocolHandler ["http-nio-8010"]
30-May-2018 01:40:45.746 INFO [main] org.apache.coyote.AbstractProtocol.start Starting ProtocolHandler ["ajp-nio-8009"]
30-May-2018 01:40:45.762 INFO [main] org.apache.catalina.startup.Catalina.start Server startup in 3072 ms
30-May-2018 01:42:05.794 INFO [ContainerBackgroundProcessor[StandardEngine[Catalina]]] org.apache.catalina.startup.HostConfig.reload Reloading context [/servletmemorablequotes]
30-May-2018 01:42:05.796 INFO [ContainerBackgroundProcessor[StandardEngine[Catalina]]] org.apache.catalina.core.StandardContext.reload Reloading Context with name [/servletmemorablequotes] has started
30-May-2018 01:42:05.953 INFO [ContainerBackgroundProcessor[StandardEngine[Catalina]]] org.apache.catalina.core.StandardContext.reload Reloading Context with name [/servletmemorablequotes] is completed
30-May-2018 01:42:35.991 INFO [ContainerBackgroundProcessor[StandardEngine[Catalina]]] org.apache.catalina.startup.HostConfig.reload Reloading context [/servletmemorablequotes]
30-May-2018 01:42:35.994 INFO [ContainerBackgroundProcessor[StandardEngine[Catalina]]] org.apache.catalina.core.StandardContext.reload Reloading Context with name [/servletmemorablequotes] has started
30-May-2018 01:42:36.085 INFO [ContainerBackgroundProcessor[StandardEngine[Catalina]]] org.apache.catalina.core.StandardContext.reload Reloading Context with name [/servletmemorablequotes] is completed
30-May-2018 01:48:19.082 INFO [Thread-6] org.apache.coyote.AbstractProtocol.pause Pausing ProtocolHandler ["http-nio-8080"]
30-May-2018 01:48:19.184 INFO [Thread-6] org.apache.coyote.AbstractProtocol.pause Pausing ProtocolHandler ["http-nio-8010"]
30-May-2018 01:48:19.243 INFO [Thread-6] org.apache.coyote.AbstractProtocol.pause Pausing ProtocolHandler ["ajp-nio-8009"]
30-May-2018 01:48:19.299 INFO [Thread-6] org.apache.catalina.core.StandardService.stopInternal Stopping service [Catalina]
30-May-2018 01:48:19.420 INFO [Thread-6] org.apache.coyote.AbstractProtocol.stop Stopping ProtocolHandler ["http-nio-8080"]
30-May-2018 01:48:19.427 INFO [Thread-6] org.apache.coyote.AbstractProtocol.stop Stopping ProtocolHandler ["http-nio-8010"]
30-May-2018 01:48:19.431 INFO [Thread-6] org.apache.coyote.AbstractProtocol.stop Stopping ProtocolHandler ["ajp-nio-8009"]
30-May-2018 01:48:19.436 INFO [Thread-6] org.apache.coyote.AbstractProtocol.destroy Destroying ProtocolHandler ["http-nio-8080"]
30-May-2018 01:48:19.440 INFO [Thread-6] org.apache.coyote.AbstractProtocol.destroy Destroying ProtocolHandler ["http-nio-8010"]
30-May-2018 01:48:19.441 INFO [Thread-6] org.apache.coyote.AbstractProtocol.destroy Destroying ProtocolHandler ["ajp-nio-8009"]
30-May-2018 01:48:24.666 INFO [main] org.apache.catalina.startup.VersionLoggerListener.log Server version:        Apache Tomcat/9.0.8
30-May-2018 01:48:24.669 INFO [main] org.apache.catalina.startup.VersionLoggerListener.log Server built:          Apr 27 2018 19:32:00 UTC
30-May-2018 01:48:24.673 INFO [main] org.apache.catalina.startup.VersionLoggerListener.log Server number:         9.0.8.0
30-May-2018 01:48:24.676 INFO [main] org.apache.catalina.startup.VersionLoggerListener.log OS Name:               Linux
30-May-2018 01:48:24.677 INFO [main] org.apache.catalina.startup.VersionLoggerListener.log OS Version:            4.4.0-17134-Microsoft
30-May-2018 01:48:24.678 INFO [main] org.apache.catalina.startup.VersionLoggerListener.log Architecture:          amd64
30-May-2018 01:48:24.678 INFO [main] org.apache.catalina.startup.VersionLoggerListener.log Java Home:             /usr/lib/jvm/java-8-openjdk-amd64/jre
30-May-2018 01:48:24.679 INFO [main] org.apache.catalina.startup.VersionLoggerListener.log JVM Version:           1.8.0_171-8u171-b11-0ubuntu0.16.04.1-b11
30-May-2018 01:48:24.679 INFO [main] org.apache.catalina.startup.VersionLoggerListener.log JVM Vendor:            Oracle Corporation
30-May-2018 01:48:24.680 INFO [main] org.apache.catalina.startup.VersionLoggerListener.log CATALINA_BASE:         /mnt/d/Users/Desktop/DICT Bootcamp/Web Server/apache-tomcat-9.0.8
30-May-2018 01:48:24.681 INFO [main] org.apache.catalina.startup.VersionLoggerListener.log CATALINA_HOME:         /mnt/d/Users/Desktop/DICT Bootcamp/Web Server/apache-tomcat-9.0.8
30-May-2018 01:48:24.682 INFO [main] org.apache.catalina.startup.VersionLoggerListener.log Command line argument: -Djava.util.logging.config.file=/mnt/d/Users/Desktop/DICT Bootcamp/Web Server/apache-tomcat-9.0.8/conf/logging.properties
30-May-2018 01:48:24.682 INFO [main] org.apache.catalina.startup.VersionLoggerListener.log Command line argument: -Djava.util.logging.manager=org.apache.juli.ClassLoaderLogManager
30-May-2018 01:48:24.683 INFO [main] org.apache.catalina.startup.VersionLoggerListener.log Command line argument: -Djdk.tls.ephemeralDHKeySize=2048
30-May-2018 01:48:24.683 INFO [main] org.apache.catalina.startup.VersionLoggerListener.log Command line argument: -Djava.protocol.handler.pkgs=org.apache.catalina.webresources
30-May-2018 01:48:24.684 INFO [main] org.apache.catalina.startup.VersionLoggerListener.log Command line argument: -Dorg.apache.catalina.security.SecurityListener.UMASK=0027
30-May-2018 01:48:24.685 INFO [main] org.apache.catalina.startup.VersionLoggerListener.log Command line argument: -Dignore.endorsed.dirs=
30-May-2018 01:48:24.685 INFO [main] org.apache.catalina.startup.VersionLoggerListener.log Command line argument: -Dcatalina.base=/mnt/d/Users/Desktop/DICT Bootcamp/Web Server/apache-tomcat-9.0.8
30-May-2018 01:48:24.686 INFO [main] org.apache.catalina.startup.VersionLoggerListener.log Command line argument: -Dcatalina.home=/mnt/d/Users/Desktop/DICT Bootcamp/Web Server/apache-tomcat-9.0.8
30-May-2018 01:48:24.687 INFO [main] org.apache.catalina.startup.VersionLoggerListener.log Command line argument: -Djava.io.tmpdir=/mnt/d/Users/Desktop/DICT Bootcamp/Web Server/apache-tomcat-9.0.8/temp
30-May-2018 01:48:24.687 INFO [main] org.apache.catalina.core.AprLifecycleListener.lifecycleEvent The APR based Apache Tomcat Native library which allows optimal performance in production environments was not found on the java.library.path: [/usr/java/packages/lib/amd64:/usr/lib/x86_64-linux-gnu/jni:/lib/x86_64-linux-gnu:/usr/lib/x86_64-linux-gnu:/usr/lib/jni:/lib:/usr/lib]
30-May-2018 01:48:24.824 INFO [main] org.apache.coyote.AbstractProtocol.init Initializing ProtocolHandler ["http-nio-8080"]
30-May-2018 01:48:24.847 INFO [main] org.apache.tomcat.util.net.NioSelectorPool.getSharedSelector Using a shared selector for servlet write/read
30-May-2018 01:48:24.861 INFO [main] org.apache.coyote.AbstractProtocol.init Initializing ProtocolHandler ["http-nio-8010"]
30-May-2018 01:48:24.862 INFO [main] org.apache.tomcat.util.net.NioSelectorPool.getSharedSelector Using a shared selector for servlet write/read
30-May-2018 01:48:24.865 INFO [main] org.apache.coyote.AbstractProtocol.init Initializing ProtocolHandler ["ajp-nio-8009"]
30-May-2018 01:48:24.866 INFO [main] org.apache.tomcat.util.net.NioSelectorPool.getSharedSelector Using a shared selector for servlet write/read
30-May-2018 01:48:24.868 INFO [main] org.apache.catalina.startup.Catalina.load Initialization processed in 786 ms
30-May-2018 01:48:24.920 INFO [main] org.apache.catalina.core.StandardService.startInternal Starting service [Catalina]
30-May-2018 01:48:24.920 INFO [main] org.apache.catalina.core.StandardEngine.startInternal Starting Servlet Engine: Apache Tomcat/9.0.8
30-May-2018 01:48:24.940 INFO [main] org.apache.catalina.startup.HostConfig.deployDirectory Deploying web application directory [/mnt/d/Users/Desktop/DICT Bootcamp/Web Server/apache-tomcat-9.0.8/webapps/docs]
30-May-2018 01:48:25.450 INFO [main] org.apache.catalina.startup.HostConfig.deployDirectory Deployment of web application directory [/mnt/d/Users/Desktop/DICT Bootcamp/Web Server/apache-tomcat-9.0.8/webapps/docs] has finished in [509] ms
30-May-2018 01:48:25.452 INFO [main] org.apache.catalina.startup.HostConfig.deployDirectory Deploying web application directory [/mnt/d/Users/Desktop/DICT Bootcamp/Web Server/apache-tomcat-9.0.8/webapps/examples]
30-May-2018 01:48:26.079 INFO [main] org.apache.catalina.startup.HostConfig.deployDirectory Deployment of web application directory [/mnt/d/Users/Desktop/DICT Bootcamp/Web Server/apache-tomcat-9.0.8/webapps/examples] has finished in [626] ms
30-May-2018 01:48:26.081 INFO [main] org.apache.catalina.startup.HostConfig.deployDirectory Deploying web application directory [/mnt/d/Users/Desktop/DICT Bootcamp/Web Server/apache-tomcat-9.0.8/webapps/host-manager]
30-May-2018 01:48:26.134 INFO [main] org.apache.catalina.startup.HostConfig.deployDirectory Deployment of web application directory [/mnt/d/Users/Desktop/DICT Bootcamp/Web Server/apache-tomcat-9.0.8/webapps/host-manager] has finished in [54] ms
30-May-2018 01:48:26.135 INFO [main] org.apache.catalina.startup.HostConfig.deployDirectory Deploying web application directory [/mnt/d/Users/Desktop/DICT Bootcamp/Web Server/apache-tomcat-9.0.8/webapps/manager]
30-May-2018 01:48:26.184 INFO [main] org.apache.catalina.startup.HostConfig.deployDirectory Deployment of web application directory [/mnt/d/Users/Desktop/DICT Bootcamp/Web Server/apache-tomcat-9.0.8/webapps/manager] has finished in [49] ms
30-May-2018 01:48:26.186 INFO [main] org.apache.catalina.startup.HostConfig.deployDirectory Deploying web application directory [/mnt/d/Users/Desktop/DICT Bootcamp/Web Server/apache-tomcat-9.0.8/webapps/mycoolwebapp]
30-May-2018 01:48:26.247 INFO [main] org.apache.catalina.startup.HostConfig.deployDirectory Deployment of web application directory [/mnt/d/Users/Desktop/DICT Bootcamp/Web Server/apache-tomcat-9.0.8/webapps/mycoolwebapp] has finished in [61] ms
30-May-2018 01:48:26.249 INFO [main] org.apache.catalina.startup.HostConfig.deployDirectory Deploying web application directory [/mnt/d/Users/Desktop/DICT Bootcamp/Web Server/apache-tomcat-9.0.8/webapps/ROOT]
30-May-2018 01:48:26.286 INFO [main] org.apache.catalina.startup.HostConfig.deployDirectory Deployment of web application directory [/mnt/d/Users/Desktop/DICT Bootcamp/Web Server/apache-tomcat-9.0.8/webapps/ROOT] has finished in [37] ms
30-May-2018 01:48:26.287 INFO [main] org.apache.catalina.startup.HostConfig.deployDirectory Deploying web application directory [/mnt/d/Users/Desktop/DICT Bootcamp/Web Server/apache-tomcat-9.0.8/webapps/servletmemorablequotes]
30-May-2018 01:48:26.329 INFO [main] org.apache.catalina.startup.HostConfig.deployDirectory Deployment of web application directory [/mnt/d/Users/Desktop/DICT Bootcamp/Web Server/apache-tomcat-9.0.8/webapps/servletmemorablequotes] has finished in [42] ms
30-May-2018 01:48:26.335 INFO [main] org.apache.coyote.AbstractProtocol.start Starting ProtocolHandler ["http-nio-8080"]
30-May-2018 01:48:26.351 INFO [main] org.apache.coyote.AbstractProtocol.start Starting ProtocolHandler ["http-nio-8010"]
30-May-2018 01:48:26.356 INFO [main] org.apache.coyote.AbstractProtocol.start Starting ProtocolHandler ["ajp-nio-8009"]
30-May-2018 01:48:26.361 INFO [main] org.apache.catalina.startup.Catalina.start Server startup in 1492 ms
30-May-2018 02:08:27.823 INFO [ContainerBackgroundProcessor[StandardEngine[Catalina]]] org.apache.catalina.startup.HostConfig.reload Reloading context [/servletmemorablequotes]
30-May-2018 02:08:27.830 INFO [ContainerBackgroundProcessor[StandardEngine[Catalina]]] org.apache.catalina.core.StandardContext.reload Reloading Context with name [/servletmemorablequotes] has started
30-May-2018 02:08:27.881 SEVERE [ContainerBackgroundProcessor[StandardEngine[Catalina]]] org.apache.tomcat.util.digester.Digester.endElement End event threw exception
 java.lang.reflect.InvocationTargetException
	at sun.reflect.GeneratedMethodAccessor19.invoke(Unknown Source)
	at sun.reflect.DelegatingMethodAccessorImpl.invoke(DelegatingMethodAccessorImpl.java:43)
	at java.lang.reflect.Method.invoke(Method.java:498)
	at org.apache.tomcat.util.IntrospectionUtils.callMethodN(IntrospectionUtils.java:395)
	at org.apache.tomcat.util.descriptor.web.CallMethodMultiRule.end(WebRuleSet.java:1045)
	at org.apache.tomcat.util.digester.Digester.endElement(Digester.java:944)
	at com.sun.org.apache.xerces.internal.parsers.AbstractSAXParser.endElement(AbstractSAXParser.java:609)
	at com.sun.org.apache.xerces.internal.impl.XMLDocumentFragmentScannerImpl.scanEndElement(XMLDocumentFragmentScannerImpl.java:1782)
	at com.sun.org.apache.xerces.internal.impl.XMLDocumentFragmentScannerImpl$FragmentContentDriver.next(XMLDocumentFragmentScannerImpl.java:2967)
	at com.sun.org.apache.xerces.internal.impl.XMLDocumentScannerImpl.next(XMLDocumentScannerImpl.java:602)
	at com.sun.org.apache.xerces.internal.impl.XMLDocumentFragmentScannerImpl.scanDocument(XMLDocumentFragmentScannerImpl.java:505)
	at com.sun.org.apache.xerces.internal.parsers.XML11Configuration.parse(XML11Configuration.java:842)
	at com.sun.org.apache.xerces.internal.parsers.XML11Configuration.parse(XML11Configuration.java:771)
	at com.sun.org.apache.xerces.internal.parsers.XMLParser.parse(XMLParser.java:141)
	at com.sun.org.apache.xerces.internal.parsers.AbstractSAXParser.parse(AbstractSAXParser.java:1213)
	at com.sun.org.apache.xerces.internal.jaxp.SAXParserImpl$JAXPSAXParser.parse(SAXParserImpl.java:643)
	at org.apache.tomcat.util.digester.Digester.parse(Digester.java:1439)
	at org.apache.tomcat.util.descriptor.web.WebXmlParser.parseWebXml(WebXmlParser.java:119)
	at org.apache.catalina.startup.ContextConfig.webConfig(ContextConfig.java:1107)
	at org.apache.catalina.startup.ContextConfig.configureStart(ContextConfig.java:765)
	at org.apache.catalina.startup.ContextConfig.lifecycleEvent(ContextConfig.java:299)
	at org.apache.catalina.util.LifecycleBase.fireLifecycleEvent(LifecycleBase.java:123)
	at org.apache.catalina.core.StandardContext.startInternal(StandardContext.java:4989)
	at org.apache.catalina.util.LifecycleBase.start(LifecycleBase.java:183)
	at org.apache.catalina.core.StandardContext.reload(StandardContext.java:3700)
	at org.apache.catalina.startup.HostConfig.reload(HostConfig.java:1411)
	at org.apache.catalina.startup.HostConfig.checkResources(HostConfig.java:1384)
	at org.apache.catalina.startup.HostConfig.check(HostConfig.java:1620)
	at org.apache.catalina.startup.HostConfig.lifecycleEvent(HostConfig.java:304)
	at org.apache.catalina.util.LifecycleBase.fireLifecycleEvent(LifecycleBase.java:123)
	at org.apache.catalina.core.ContainerBase.backgroundProcess(ContainerBase.java:1174)
	at org.apache.catalina.core.ContainerBase$ContainerBackgroundProcessor.processChildren(ContainerBase.java:1396)
	at org.apache.catalina.core.ContainerBase$ContainerBackgroundProcessor.processChildren(ContainerBase.java:1400)
	at org.apache.catalina.core.ContainerBase$ContainerBackgroundProcessor.run(ContainerBase.java:1368)
	at java.lang.Thread.run(Thread.java:748)
Caused by: java.lang.IllegalArgumentException: The servlets named [MemorableQuotes] and [MemorableQuotes] are both mapped to the url-pattern [/all] which is not permitted
	at org.apache.tomcat.util.descriptor.web.WebXml.addServletMappingDecoded(WebXml.java:329)
	at org.apache.tomcat.util.descriptor.web.WebXml.addServletMapping(WebXml.java:322)
	... 35 more

30-May-2018 02:08:27.893 SEVERE [ContainerBackgroundProcessor[StandardEngine[Catalina]]] org.apache.tomcat.util.descriptor.web.WebXmlParser.parseWebXml Parse error in application web.xml file at [file:/mnt/d/Users/Desktop/DICT%20Bootcamp/Web%20Server/apache-tomcat-9.0.8/webapps/servletmemorablequotes/WEB-INF/web.xml]
 org.xml.sax.SAXParseException; systemId: file:/mnt/d/Users/Desktop/DICT%20Bootcamp/Web%20Server/apache-tomcat-9.0.8/webapps/servletmemorablequotes/WEB-INF/web.xml; lineNumber: 20; columnNumber: 20; Error at (20, 20) : The servlets named [MemorableQuotes] and [MemorableQuotes] are both mapped to the url-pattern [/all] which is not permitted
	at org.apache.tomcat.util.digester.Digester.createSAXException(Digester.java:1862)
	at org.apache.tomcat.util.digester.Digester.createSAXException(Digester.java:1894)
	at org.apache.tomcat.util.digester.Digester.endElement(Digester.java:947)
	at com.sun.org.apache.xerces.internal.parsers.AbstractSAXParser.endElement(AbstractSAXParser.java:609)
	at com.sun.org.apache.xerces.internal.impl.XMLDocumentFragmentScannerImpl.scanEndElement(XMLDocumentFragmentScannerImpl.java:1782)
	at com.sun.org.apache.xerces.internal.impl.XMLDocumentFragmentScannerImpl$FragmentContentDriver.next(XMLDocumentFragmentScannerImpl.java:2967)
	at com.sun.org.apache.xerces.internal.impl.XMLDocumentScannerImpl.next(XMLDocumentScannerImpl.java:602)
	at com.sun.org.apache.xerces.internal.impl.XMLDocumentFragmentScannerImpl.scanDocument(XMLDocumentFragmentScannerImpl.java:505)
	at com.sun.org.apache.xerces.internal.parsers.XML11Configuration.parse(XML11Configuration.java:842)
	at com.sun.org.apache.xerces.internal.parsers.XML11Configuration.parse(XML11Configuration.java:771)
	at com.sun.org.apache.xerces.internal.parsers.XMLParser.parse(XMLParser.java:141)
	at com.sun.org.apache.xerces.internal.parsers.AbstractSAXParser.parse(AbstractSAXParser.java:1213)
	at com.sun.org.apache.xerces.internal.jaxp.SAXParserImpl$JAXPSAXParser.parse(SAXParserImpl.java:643)
	at org.apache.tomcat.util.digester.Digester.parse(Digester.java:1439)
	at org.apache.tomcat.util.descriptor.web.WebXmlParser.parseWebXml(WebXmlParser.java:119)
	at org.apache.catalina.startup.ContextConfig.webConfig(ContextConfig.java:1107)
	at org.apache.catalina.startup.ContextConfig.configureStart(ContextConfig.java:765)
	at org.apache.catalina.startup.ContextConfig.lifecycleEvent(ContextConfig.java:299)
	at org.apache.catalina.util.LifecycleBase.fireLifecycleEvent(LifecycleBase.java:123)
	at org.apache.catalina.core.StandardContext.startInternal(StandardContext.java:4989)
	at org.apache.catalina.util.LifecycleBase.start(LifecycleBase.java:183)
	at org.apache.catalina.core.StandardContext.reload(StandardContext.java:3700)
	at org.apache.catalina.startup.HostConfig.reload(HostConfig.java:1411)
	at org.apache.catalina.startup.HostConfig.checkResources(HostConfig.java:1384)
	at org.apache.catalina.startup.HostConfig.check(HostConfig.java:1620)
	at org.apache.catalina.startup.HostConfig.lifecycleEvent(HostConfig.java:304)
	at org.apache.catalina.util.LifecycleBase.fireLifecycleEvent(LifecycleBase.java:123)
	at org.apache.catalina.core.ContainerBase.backgroundProcess(ContainerBase.java:1174)
	at org.apache.catalina.core.ContainerBase$ContainerBackgroundProcessor.processChildren(ContainerBase.java:1396)
	at org.apache.catalina.core.ContainerBase$ContainerBackgroundProcessor.processChildren(ContainerBase.java:1400)
	at org.apache.catalina.core.ContainerBase$ContainerBackgroundProcessor.run(ContainerBase.java:1368)
	at java.lang.Thread.run(Thread.java:748)
Caused by: java.lang.IllegalArgumentException: The servlets named [MemorableQuotes] and [MemorableQuotes] are both mapped to the url-pattern [/all] which is not permitted
	at org.apache.tomcat.util.descriptor.web.WebXml.addServletMappingDecoded(WebXml.java:329)
	at org.apache.tomcat.util.descriptor.web.WebXml.addServletMapping(WebXml.java:322)
	at sun.reflect.GeneratedMethodAccessor19.invoke(Unknown Source)
	at sun.reflect.DelegatingMethodAccessorImpl.invoke(DelegatingMethodAccessorImpl.java:43)
	at java.lang.reflect.Method.invoke(Method.java:498)
	at org.apache.tomcat.util.IntrospectionUtils.callMethodN(IntrospectionUtils.java:395)
	at org.apache.tomcat.util.descriptor.web.CallMethodMultiRule.end(WebRuleSet.java:1045)
	at org.apache.tomcat.util.digester.Digester.endElement(Digester.java:944)
	... 29 more

30-May-2018 02:08:27.904 SEVERE [ContainerBackgroundProcessor[StandardEngine[Catalina]]] org.apache.tomcat.util.descriptor.web.WebXmlParser.parseWebXml Occurred at line [20] column [20]
30-May-2018 02:08:27.907 SEVERE [ContainerBackgroundProcessor[StandardEngine[Catalina]]] org.apache.catalina.startup.ContextConfig.configureStart Marking this application unavailable due to previous error(s)
30-May-2018 02:08:27.908 SEVERE [ContainerBackgroundProcessor[StandardEngine[Catalina]]] org.apache.catalina.core.StandardContext.startInternal One or more components marked the context as not correctly configured
30-May-2018 02:08:27.909 SEVERE [ContainerBackgroundProcessor[StandardEngine[Catalina]]] org.apache.catalina.core.StandardContext.startInternal Context [/servletmemorablequotes] startup failed due to previous errors
30-May-2018 02:08:27.912 INFO [ContainerBackgroundProcessor[StandardEngine[Catalina]]] org.apache.catalina.core.StandardContext.reload Reloading Context with name [/servletmemorablequotes] is completed
30-May-2018 02:08:57.947 INFO [ContainerBackgroundProcessor[StandardEngine[Catalina]]] org.apache.catalina.startup.HostConfig.reload Reloading context [/servletmemorablequotes]
30-May-2018 02:09:08.005 INFO [ContainerBackgroundProcessor[StandardEngine[Catalina]]] org.apache.catalina.startup.HostConfig.reload Reloading context [/servletmemorablequotes]
30-May-2018 02:09:08.006 INFO [ContainerBackgroundProcessor[StandardEngine[Catalina]]] org.apache.catalina.core.StandardContext.reload Reloading Context with name [/servletmemorablequotes] has started
30-May-2018 02:09:08.075 INFO [ContainerBackgroundProcessor[StandardEngine[Catalina]]] org.apache.catalina.core.StandardContext.reload Reloading Context with name [/servletmemorablequotes] is completed
30-May-2018 02:09:38.113 INFO [ContainerBackgroundProcessor[StandardEngine[Catalina]]] org.apache.catalina.startup.HostConfig.reload Reloading context [/servletmemorablequotes]
30-May-2018 02:09:38.116 INFO [ContainerBackgroundProcessor[StandardEngine[Catalina]]] org.apache.catalina.core.StandardContext.reload Reloading Context with name [/servletmemorablequotes] has started
30-May-2018 02:09:38.168 INFO [ContainerBackgroundProcessor[StandardEngine[Catalina]]] org.apache.catalina.core.StandardContext.reload Reloading Context with name [/servletmemorablequotes] is completed
30-May-2018 02:10:08.190 INFO [ContainerBackgroundProcessor[StandardEngine[Catalina]]] org.apache.catalina.startup.HostConfig.reload Reloading context [/servletmemorablequotes]
30-May-2018 02:10:08.192 INFO [ContainerBackgroundProcessor[StandardEngine[Catalina]]] org.apache.catalina.core.StandardContext.reload Reloading Context with name [/servletmemorablequotes] has started
30-May-2018 02:10:08.233 INFO [ContainerBackgroundProcessor[StandardEngine[Catalina]]] org.apache.catalina.core.StandardContext.reload Reloading Context with name [/servletmemorablequotes] is completed
30-May-2018 02:10:18.240 INFO [ContainerBackgroundProcessor[StandardEngine[Catalina]]] org.apache.catalina.startup.HostConfig.reload Reloading context [/servletmemorablequotes]
30-May-2018 02:10:18.241 INFO [ContainerBackgroundProcessor[StandardEngine[Catalina]]] org.apache.catalina.core.StandardContext.reload Reloading Context with name [/servletmemorablequotes] has started
30-May-2018 02:10:18.270 INFO [ContainerBackgroundProcessor[StandardEngine[Catalina]]] org.apache.catalina.core.StandardContext.reload Reloading Context with name [/servletmemorablequotes] is completed
30-May-2018 07:49:07.684 INFO [ContainerBackgroundProcessor[StandardEngine[Catalina]]] org.apache.catalina.startup.HostConfig.reload Reloading context [/mycoolwebapp]
30-May-2018 07:49:07.686 INFO [ContainerBackgroundProcessor[StandardEngine[Catalina]]] org.apache.catalina.core.StandardContext.reload Reloading Context with name [/mycoolwebapp] has started
30-May-2018 07:49:07.886 INFO [ContainerBackgroundProcessor[StandardEngine[Catalina]]] org.apache.catalina.core.StandardContext.reload Reloading Context with name [/mycoolwebapp] is completed
30-May-2018 08:34:09.283 INFO [ContainerBackgroundProcessor[StandardEngine[Catalina]]] org.apache.catalina.startup.HostConfig.reload Reloading context [/mycoolwebapp]
30-May-2018 08:34:09.285 INFO [ContainerBackgroundProcessor[StandardEngine[Catalina]]] org.apache.catalina.core.StandardContext.reload Reloading Context with name [/mycoolwebapp] has started
30-May-2018 08:34:09.324 INFO [ContainerBackgroundProcessor[StandardEngine[Catalina]]] org.apache.catalina.core.StandardContext.reload Reloading Context with name [/mycoolwebapp] is completed
30-May-2018 08:39:59.529 INFO [ContainerBackgroundProcessor[StandardEngine[Catalina]]] org.apache.catalina.startup.HostConfig.reload Reloading context [/servletmemorablequotes]
30-May-2018 08:39:59.531 INFO [ContainerBackgroundProcessor[StandardEngine[Catalina]]] org.apache.catalina.core.StandardContext.reload Reloading Context with name [/servletmemorablequotes] has started
30-May-2018 08:39:59.566 INFO [ContainerBackgroundProcessor[StandardEngine[Catalina]]] org.apache.catalina.core.StandardContext.reload Reloading Context with name [/servletmemorablequotes] is completed
30-May-2018 22:27:36.870 INFO [ContainerBackgroundProcessor[StandardEngine[Catalina]]] org.apache.catalina.startup.HostConfig.deployDirectory Deploying web application directory [/mnt/d/Users/Desktop/DICT Bootcamp/Web Server/apache-tomcat-9.0.8/webapps/New folder]
30-May-2018 22:27:37.400 INFO [ContainerBackgroundProcessor[StandardEngine[Catalina]]] org.apache.catalina.startup.HostConfig.deployDirectory Deployment of web application directory [/mnt/d/Users/Desktop/DICT Bootcamp/Web Server/apache-tomcat-9.0.8/webapps/New folder] has finished in [548] ms
30-May-2018 22:27:48.045 INFO [ContainerBackgroundProcessor[StandardEngine[Catalina]]] org.apache.catalina.startup.HostConfig.undeploy Undeploying context [/New folder]
30-May-2018 22:27:48.104 INFO [ContainerBackgroundProcessor[StandardEngine[Catalina]]] org.apache.catalina.startup.HostConfig.deployDirectory Deploying web application directory [/mnt/d/Users/Desktop/DICT Bootcamp/Web Server/apache-tomcat-9.0.8/webapps/MyWebServiceClient]
30-May-2018 22:27:48.407 INFO [ContainerBackgroundProcessor[StandardEngine[Catalina]]] org.apache.catalina.startup.HostConfig.deployDirectory Deployment of web application directory [/mnt/d/Users/Desktop/DICT Bootcamp/Web Server/apache-tomcat-9.0.8/webapps/MyWebServiceClient] has finished in [302] ms
30-May-2018 22:28:48.655 INFO [ContainerBackgroundProcessor[StandardEngine[Catalina]]] org.apache.catalina.startup.HostConfig.reload Reloading context [/MyWebServiceClient]
30-May-2018 22:28:48.680 INFO [ContainerBackgroundProcessor[StandardEngine[Catalina]]] org.apache.catalina.core.StandardContext.reload Reloading Context with name [/MyWebServiceClient] has started
30-May-2018 22:28:48.750 INFO [ContainerBackgroundProcessor[StandardEngine[Catalina]]] org.apache.catalina.core.StandardContext.reload Reloading Context with name [/MyWebServiceClient] is completed
30-May-2018 23:01:55.665 INFO [ContainerBackgroundProcessor[StandardEngine[Catalina]]] org.apache.catalina.startup.HostConfig.reload Reloading context [/MyWebServiceClient]
30-May-2018 23:01:55.668 INFO [ContainerBackgroundProcessor[StandardEngine[Catalina]]] org.apache.catalina.core.StandardContext.reload Reloading Context with name [/MyWebServiceClient] has started
30-May-2018 23:01:55.722 SEVERE [ContainerBackgroundProcessor[StandardEngine[Catalina]]] org.apache.catalina.core.StandardContext.reload Exception starting Context with name [/MyWebServiceClient]
 org.apache.catalina.LifecycleException: Failed to start component [StandardEngine[Catalina].StandardHost[localhost].StandardContext[/MyWebServiceClient]]
	at org.apache.catalina.util.LifecycleBase.handleSubClassException(LifecycleBase.java:441)
	at org.apache.catalina.util.LifecycleBase.start(LifecycleBase.java:198)
	at org.apache.catalina.core.StandardContext.reload(StandardContext.java:3700)
	at org.apache.catalina.startup.HostConfig.reload(HostConfig.java:1411)
	at org.apache.catalina.startup.HostConfig.checkResources(HostConfig.java:1384)
	at org.apache.catalina.startup.HostConfig.check(HostConfig.java:1620)
	at org.apache.catalina.startup.HostConfig.lifecycleEvent(HostConfig.java:304)
	at org.apache.catalina.util.LifecycleBase.fireLifecycleEvent(LifecycleBase.java:123)
	at org.apache.catalina.core.ContainerBase.backgroundProcess(ContainerBase.java:1174)
	at org.apache.catalina.core.ContainerBase$ContainerBackgroundProcessor.processChildren(ContainerBase.java:1396)
	at org.apache.catalina.core.ContainerBase$ContainerBackgroundProcessor.processChildren(ContainerBase.java:1400)
	at org.apache.catalina.core.ContainerBase$ContainerBackgroundProcessor.run(ContainerBase.java:1368)
	at java.lang.Thread.run(Thread.java:748)
Caused by: java.lang.IllegalArgumentException: Servlet mapping specifies an unknown servlet name [HelloWorld]
	at org.apache.catalina.core.StandardContext.addServletMappingDecoded(StandardContext.java:3116)
	at org.apache.catalina.Context.addServletMappingDecoded(Context.java:879)
	at org.apache.catalina.startup.ContextConfig.configureContext(ContextConfig.java:1376)
	at org.apache.catalina.startup.ContextConfig.webConfig(ContextConfig.java:1187)
	at org.apache.catalina.startup.ContextConfig.configureStart(ContextConfig.java:765)
	at org.apache.catalina.startup.ContextConfig.lifecycleEvent(ContextConfig.java:299)
	at org.apache.catalina.util.LifecycleBase.fireLifecycleEvent(LifecycleBase.java:123)
	at org.apache.catalina.core.StandardContext.startInternal(StandardContext.java:4989)
	at org.apache.catalina.util.LifecycleBase.start(LifecycleBase.java:183)
	... 11 more

30-May-2018 23:01:55.904 INFO [ContainerBackgroundProcessor[StandardEngine[Catalina]]] org.apache.catalina.core.StandardContext.reload Reloading Context with name [/MyWebServiceClient] is completed
30-May-2018 23:02:25.932 INFO [ContainerBackgroundProcessor[StandardEngine[Catalina]]] org.apache.catalina.startup.HostConfig.reload Reloading context [/MyWebServiceClient]
30-May-2018 23:02:35.992 INFO [ContainerBackgroundProcessor[StandardEngine[Catalina]]] org.apache.catalina.startup.HostConfig.reload Reloading context [/MyWebServiceClient]
30-May-2018 23:02:35.998 INFO [ContainerBackgroundProcessor[StandardEngine[Catalina]]] org.apache.catalina.core.StandardContext.reload Reloading Context with name [/MyWebServiceClient] has started
30-May-2018 23:02:36.017 INFO [ContainerBackgroundProcessor[StandardEngine[Catalina]]] org.apache.catalina.core.StandardContext.reload Reloading Context with name [/MyWebServiceClient] is completed
30-May-2018 23:04:39.965 INFO [Thread-6] org.apache.coyote.AbstractProtocol.pause Pausing ProtocolHandler ["http-nio-8080"]
30-May-2018 23:04:40.108 INFO [Thread-6] org.apache.coyote.AbstractProtocol.pause Pausing ProtocolHandler ["http-nio-8010"]
30-May-2018 23:04:40.164 INFO [Thread-6] org.apache.coyote.AbstractProtocol.pause Pausing ProtocolHandler ["ajp-nio-8009"]
30-May-2018 23:04:40.218 INFO [Thread-6] org.apache.catalina.core.StandardService.stopInternal Stopping service [Catalina]
30-May-2018 23:04:40.339 INFO [Thread-6] org.apache.coyote.AbstractProtocol.stop Stopping ProtocolHandler ["http-nio-8080"]
30-May-2018 23:04:40.359 INFO [Thread-6] org.apache.coyote.AbstractProtocol.stop Stopping ProtocolHandler ["http-nio-8010"]
30-May-2018 23:04:40.365 INFO [Thread-6] org.apache.coyote.AbstractProtocol.stop Stopping ProtocolHandler ["ajp-nio-8009"]
30-May-2018 23:04:40.372 INFO [Thread-6] org.apache.coyote.AbstractProtocol.destroy Destroying ProtocolHandler ["http-nio-8080"]
30-May-2018 23:04:40.386 INFO [Thread-6] org.apache.coyote.AbstractProtocol.destroy Destroying ProtocolHandler ["http-nio-8010"]
30-May-2018 23:04:40.387 INFO [Thread-6] org.apache.coyote.AbstractProtocol.destroy Destroying ProtocolHandler ["ajp-nio-8009"]
30-May-2018 23:04:45.528 INFO [main] org.apache.catalina.startup.VersionLoggerListener.log Server version:        Apache Tomcat/9.0.8
30-May-2018 23:04:45.532 INFO [main] org.apache.catalina.startup.VersionLoggerListener.log Server built:          Apr 27 2018 19:32:00 UTC
30-May-2018 23:04:45.535 INFO [main] org.apache.catalina.startup.VersionLoggerListener.log Server number:         9.0.8.0
30-May-2018 23:04:45.536 INFO [main] org.apache.catalina.startup.VersionLoggerListener.log OS Name:               Linux
30-May-2018 23:04:45.536 INFO [main] org.apache.catalina.startup.VersionLoggerListener.log OS Version:            4.4.0-17134-Microsoft
30-May-2018 23:04:45.537 INFO [main] org.apache.catalina.startup.VersionLoggerListener.log Architecture:          amd64
30-May-2018 23:04:45.537 INFO [main] org.apache.catalina.startup.VersionLoggerListener.log Java Home:             /usr/lib/jvm/java-8-openjdk-amd64/jre
30-May-2018 23:04:45.538 INFO [main] org.apache.catalina.startup.VersionLoggerListener.log JVM Version:           1.8.0_171-8u171-b11-0ubuntu0.16.04.1-b11
30-May-2018 23:04:45.538 INFO [main] org.apache.catalina.startup.VersionLoggerListener.log JVM Vendor:            Oracle Corporation
30-May-2018 23:04:45.539 INFO [main] org.apache.catalina.startup.VersionLoggerListener.log CATALINA_BASE:         /mnt/d/Users/Desktop/DICT Bootcamp/Web Server/apache-tomcat-9.0.8
30-May-2018 23:04:45.541 INFO [main] org.apache.catalina.startup.VersionLoggerListener.log CATALINA_HOME:         /mnt/d/Users/Desktop/DICT Bootcamp/Web Server/apache-tomcat-9.0.8
30-May-2018 23:04:45.543 INFO [main] org.apache.catalina.startup.VersionLoggerListener.log Command line argument: -Djava.util.logging.config.file=/mnt/d/Users/Desktop/DICT Bootcamp/Web Server/apache-tomcat-9.0.8/conf/logging.properties
30-May-2018 23:04:45.545 INFO [main] org.apache.catalina.startup.VersionLoggerListener.log Command line argument: -Djava.util.logging.manager=org.apache.juli.ClassLoaderLogManager
30-May-2018 23:04:45.547 INFO [main] org.apache.catalina.startup.VersionLoggerListener.log Command line argument: -Djdk.tls.ephemeralDHKeySize=2048
30-May-2018 23:04:45.548 INFO [main] org.apache.catalina.startup.VersionLoggerListener.log Command line argument: -Djava.protocol.handler.pkgs=org.apache.catalina.webresources
30-May-2018 23:04:45.549 INFO [main] org.apache.catalina.startup.VersionLoggerListener.log Command line argument: -Dorg.apache.catalina.security.SecurityListener.UMASK=0027
30-May-2018 23:04:45.549 INFO [main] org.apache.catalina.startup.VersionLoggerListener.log Command line argument: -Dignore.endorsed.dirs=
30-May-2018 23:04:45.550 INFO [main] org.apache.catalina.startup.VersionLoggerListener.log Command line argument: -Dcatalina.base=/mnt/d/Users/Desktop/DICT Bootcamp/Web Server/apache-tomcat-9.0.8
30-May-2018 23:04:45.552 INFO [main] org.apache.catalina.startup.VersionLoggerListener.log Command line argument: -Dcatalina.home=/mnt/d/Users/Desktop/DICT Bootcamp/Web Server/apache-tomcat-9.0.8
30-May-2018 23:04:45.553 INFO [main] org.apache.catalina.startup.VersionLoggerListener.log Command line argument: -Djava.io.tmpdir=/mnt/d/Users/Desktop/DICT Bootcamp/Web Server/apache-tomcat-9.0.8/temp
30-May-2018 23:04:45.555 INFO [main] org.apache.catalina.core.AprLifecycleListener.lifecycleEvent The APR based Apache Tomcat Native library which allows optimal performance in production environments was not found on the java.library.path: [/usr/java/packages/lib/amd64:/usr/lib/x86_64-linux-gnu/jni:/lib/x86_64-linux-gnu:/usr/lib/x86_64-linux-gnu:/usr/lib/jni:/lib:/usr/lib]
30-May-2018 23:04:45.748 INFO [main] org.apache.coyote.AbstractProtocol.init Initializing ProtocolHandler ["http-nio-8080"]
30-May-2018 23:04:45.782 INFO [main] org.apache.tomcat.util.net.NioSelectorPool.getSharedSelector Using a shared selector for servlet write/read
30-May-2018 23:04:45.792 INFO [main] org.apache.coyote.AbstractProtocol.init Initializing ProtocolHandler ["http-nio-8010"]
30-May-2018 23:04:45.799 INFO [main] org.apache.tomcat.util.net.NioSelectorPool.getSharedSelector Using a shared selector for servlet write/read
30-May-2018 23:04:45.803 INFO [main] org.apache.coyote.AbstractProtocol.init Initializing ProtocolHandler ["ajp-nio-8009"]
30-May-2018 23:04:45.809 INFO [main] org.apache.tomcat.util.net.NioSelectorPool.getSharedSelector Using a shared selector for servlet write/read
30-May-2018 23:04:45.814 INFO [main] org.apache.catalina.startup.Catalina.load Initialization processed in 1412 ms
30-May-2018 23:04:45.943 INFO [main] org.apache.catalina.core.StandardService.startInternal Starting service [Catalina]
30-May-2018 23:04:45.944 INFO [main] org.apache.catalina.core.StandardEngine.startInternal Starting Servlet Engine: Apache Tomcat/9.0.8
30-May-2018 23:04:45.960 INFO [main] org.apache.catalina.startup.HostConfig.deployDirectory Deploying web application directory [/mnt/d/Users/Desktop/DICT Bootcamp/Web Server/apache-tomcat-9.0.8/webapps/docs]
30-May-2018 23:04:46.852 INFO [main] org.apache.catalina.startup.HostConfig.deployDirectory Deployment of web application directory [/mnt/d/Users/Desktop/DICT Bootcamp/Web Server/apache-tomcat-9.0.8/webapps/docs] has finished in [892] ms
30-May-2018 23:04:46.854 INFO [main] org.apache.catalina.startup.HostConfig.deployDirectory Deploying web application directory [/mnt/d/Users/Desktop/DICT Bootcamp/Web Server/apache-tomcat-9.0.8/webapps/examples]
30-May-2018 23:04:48.339 INFO [main] org.apache.catalina.startup.HostConfig.deployDirectory Deployment of web application directory [/mnt/d/Users/Desktop/DICT Bootcamp/Web Server/apache-tomcat-9.0.8/webapps/examples] has finished in [1,485] ms
30-May-2018 23:04:48.342 INFO [main] org.apache.catalina.startup.HostConfig.deployDirectory Deploying web application directory [/mnt/d/Users/Desktop/DICT Bootcamp/Web Server/apache-tomcat-9.0.8/webapps/host-manager]
30-May-2018 23:04:48.552 INFO [main] org.apache.catalina.startup.HostConfig.deployDirectory Deployment of web application directory [/mnt/d/Users/Desktop/DICT Bootcamp/Web Server/apache-tomcat-9.0.8/webapps/host-manager] has finished in [210] ms
30-May-2018 23:04:48.570 INFO [main] org.apache.catalina.startup.HostConfig.deployDirectory Deploying web application directory [/mnt/d/Users/Desktop/DICT Bootcamp/Web Server/apache-tomcat-9.0.8/webapps/manager]
30-May-2018 23:04:48.771 INFO [main] org.apache.catalina.startup.HostConfig.deployDirectory Deployment of web application directory [/mnt/d/Users/Desktop/DICT Bootcamp/Web Server/apache-tomcat-9.0.8/webapps/manager] has finished in [201] ms
30-May-2018 23:04:48.772 INFO [main] org.apache.catalina.startup.HostConfig.deployDirectory Deploying web application directory [/mnt/d/Users/Desktop/DICT Bootcamp/Web Server/apache-tomcat-9.0.8/webapps/mycoolwebapp]
30-May-2018 23:04:48.870 INFO [main] org.apache.catalina.startup.HostConfig.deployDirectory Deployment of web application directory [/mnt/d/Users/Desktop/DICT Bootcamp/Web Server/apache-tomcat-9.0.8/webapps/mycoolwebapp] has finished in [98] ms
30-May-2018 23:04:48.871 INFO [main] org.apache.catalina.startup.HostConfig.deployDirectory Deploying web application directory [/mnt/d/Users/Desktop/DICT Bootcamp/Web Server/apache-tomcat-9.0.8/webapps/MyWebServiceClient]
30-May-2018 23:04:48.908 INFO [main] org.apache.catalina.startup.HostConfig.deployDirectory Deployment of web application directory [/mnt/d/Users/Desktop/DICT Bootcamp/Web Server/apache-tomcat-9.0.8/webapps/MyWebServiceClient] has finished in [36] ms
30-May-2018 23:04:48.915 INFO [main] org.apache.catalina.startup.HostConfig.deployDirectory Deploying web application directory [/mnt/d/Users/Desktop/DICT Bootcamp/Web Server/apache-tomcat-9.0.8/webapps/ROOT]
30-May-2018 23:04:49.002 INFO [main] org.apache.catalina.startup.HostConfig.deployDirectory Deployment of web application directory [/mnt/d/Users/Desktop/DICT Bootcamp/Web Server/apache-tomcat-9.0.8/webapps/ROOT] has finished in [87] ms
30-May-2018 23:04:49.003 INFO [main] org.apache.catalina.startup.HostConfig.deployDirectory Deploying web application directory [/mnt/d/Users/Desktop/DICT Bootcamp/Web Server/apache-tomcat-9.0.8/webapps/servletmemorablequotes]
30-May-2018 23:04:49.034 INFO [main] org.apache.catalina.startup.HostConfig.deployDirectory Deployment of web application directory [/mnt/d/Users/Desktop/DICT Bootcamp/Web Server/apache-tomcat-9.0.8/webapps/servletmemorablequotes] has finished in [31] ms
30-May-2018 23:04:49.040 INFO [main] org.apache.coyote.AbstractProtocol.start Starting ProtocolHandler ["http-nio-8080"]
30-May-2018 23:04:49.054 INFO [main] org.apache.coyote.AbstractProtocol.start Starting ProtocolHandler ["http-nio-8010"]
30-May-2018 23:04:49.059 INFO [main] org.apache.coyote.AbstractProtocol.start Starting ProtocolHandler ["ajp-nio-8009"]
30-May-2018 23:04:49.066 INFO [main] org.apache.catalina.startup.Catalina.start Server startup in 3251 ms
30-May-2018 23:07:03.262 INFO [Thread-6] org.apache.coyote.AbstractProtocol.pause Pausing ProtocolHandler ["http-nio-8080"]
30-May-2018 23:07:03.322 INFO [Thread-6] org.apache.coyote.AbstractProtocol.pause Pausing ProtocolHandler ["http-nio-8010"]
30-May-2018 23:07:03.376 INFO [Thread-6] org.apache.coyote.AbstractProtocol.pause Pausing ProtocolHandler ["ajp-nio-8009"]
30-May-2018 23:07:03.429 INFO [Thread-6] org.apache.catalina.core.StandardService.stopInternal Stopping service [Catalina]
30-May-2018 23:07:03.593 INFO [Thread-6] org.apache.coyote.AbstractProtocol.stop Stopping ProtocolHandler ["http-nio-8080"]
30-May-2018 23:07:03.598 INFO [Thread-6] org.apache.coyote.AbstractProtocol.stop Stopping ProtocolHandler ["http-nio-8010"]
30-May-2018 23:07:03.603 INFO [Thread-6] org.apache.coyote.AbstractProtocol.stop Stopping ProtocolHandler ["ajp-nio-8009"]
30-May-2018 23:07:03.624 INFO [Thread-6] org.apache.coyote.AbstractProtocol.destroy Destroying ProtocolHandler ["http-nio-8080"]
30-May-2018 23:07:03.637 INFO [Thread-6] org.apache.coyote.AbstractProtocol.destroy Destroying ProtocolHandler ["http-nio-8010"]
30-May-2018 23:07:03.637 INFO [Thread-6] org.apache.coyote.AbstractProtocol.destroy Destroying ProtocolHandler ["ajp-nio-8009"]
30-May-2018 23:07:04.889 INFO [main] org.apache.catalina.startup.VersionLoggerListener.log Server version:        Apache Tomcat/9.0.8
30-May-2018 23:07:04.892 INFO [main] org.apache.catalina.startup.VersionLoggerListener.log Server built:          Apr 27 2018 19:32:00 UTC
30-May-2018 23:07:04.895 INFO [main] org.apache.catalina.startup.VersionLoggerListener.log Server number:         9.0.8.0
30-May-2018 23:07:04.896 INFO [main] org.apache.catalina.startup.VersionLoggerListener.log OS Name:               Linux
30-May-2018 23:07:05.368 INFO [main] org.apache.catalina.startup.VersionLoggerListener.log OS Version:            4.4.0-17134-Microsoft
30-May-2018 23:07:05.373 INFO [main] org.apache.catalina.startup.VersionLoggerListener.log Architecture:          amd64
30-May-2018 23:07:05.379 INFO [main] org.apache.catalina.startup.VersionLoggerListener.log Java Home:             /usr/lib/jvm/java-8-openjdk-amd64/jre
30-May-2018 23:07:05.386 INFO [main] org.apache.catalina.startup.VersionLoggerListener.log JVM Version:           1.8.0_171-8u171-b11-0ubuntu0.16.04.1-b11
30-May-2018 23:07:05.388 INFO [main] org.apache.catalina.startup.VersionLoggerListener.log JVM Vendor:            Oracle Corporation
30-May-2018 23:07:05.393 INFO [main] org.apache.catalina.startup.VersionLoggerListener.log CATALINA_BASE:         /mnt/d/Users/Desktop/DICT Bootcamp/Web Server/apache-tomcat-9.0.8
30-May-2018 23:07:05.397 INFO [main] org.apache.catalina.startup.VersionLoggerListener.log CATALINA_HOME:         /mnt/d/Users/Desktop/DICT Bootcamp/Web Server/apache-tomcat-9.0.8
30-May-2018 23:07:05.402 INFO [main] org.apache.catalina.startup.VersionLoggerListener.log Command line argument: -Djava.util.logging.config.file=/mnt/d/Users/Desktop/DICT Bootcamp/Web Server/apache-tomcat-9.0.8/conf/logging.properties
30-May-2018 23:07:05.406 INFO [main] org.apache.catalina.startup.VersionLoggerListener.log Command line argument: -Djava.util.logging.manager=org.apache.juli.ClassLoaderLogManager
30-May-2018 23:07:05.408 INFO [main] org.apache.catalina.startup.VersionLoggerListener.log Command line argument: -Djdk.tls.ephemeralDHKeySize=2048
30-May-2018 23:07:05.413 INFO [main] org.apache.catalina.startup.VersionLoggerListener.log Command line argument: -Djava.protocol.handler.pkgs=org.apache.catalina.webresources
30-May-2018 23:07:05.520 INFO [main] org.apache.catalina.startup.VersionLoggerListener.log Command line argument: -Dorg.apache.catalina.security.SecurityListener.UMASK=0027
30-May-2018 23:07:05.526 INFO [main] org.apache.catalina.startup.VersionLoggerListener.log Command line argument: -Dignore.endorsed.dirs=
30-May-2018 23:07:05.528 INFO [main] org.apache.catalina.startup.VersionLoggerListener.log Command line argument: -Dcatalina.base=/mnt/d/Users/Desktop/DICT Bootcamp/Web Server/apache-tomcat-9.0.8
30-May-2018 23:07:05.533 INFO [main] org.apache.catalina.startup.VersionLoggerListener.log Command line argument: -Dcatalina.home=/mnt/d/Users/Desktop/DICT Bootcamp/Web Server/apache-tomcat-9.0.8
30-May-2018 23:07:05.537 INFO [main] org.apache.catalina.startup.VersionLoggerListener.log Command line argument: -Djava.io.tmpdir=/mnt/d/Users/Desktop/DICT Bootcamp/Web Server/apache-tomcat-9.0.8/temp
30-May-2018 23:07:05.539 INFO [main] org.apache.catalina.core.AprLifecycleListener.lifecycleEvent The APR based Apache Tomcat Native library which allows optimal performance in production environments was not found on the java.library.path: [/usr/java/packages/lib/amd64:/usr/lib/x86_64-linux-gnu/jni:/lib/x86_64-linux-gnu:/usr/lib/x86_64-linux-gnu:/usr/lib/jni:/lib:/usr/lib]
30-May-2018 23:07:05.683 INFO [main] org.apache.coyote.AbstractProtocol.init Initializing ProtocolHandler ["http-nio-8080"]
30-May-2018 23:07:05.734 INFO [main] org.apache.tomcat.util.net.NioSelectorPool.getSharedSelector Using a shared selector for servlet write/read
30-May-2018 23:07:05.768 INFO [main] org.apache.coyote.AbstractProtocol.init Initializing ProtocolHandler ["http-nio-8010"]
30-May-2018 23:07:05.774 INFO [main] org.apache.tomcat.util.net.NioSelectorPool.getSharedSelector Using a shared selector for servlet write/read
30-May-2018 23:07:05.783 INFO [main] org.apache.coyote.AbstractProtocol.init Initializing ProtocolHandler ["ajp-nio-8009"]
30-May-2018 23:07:05.790 INFO [main] org.apache.tomcat.util.net.NioSelectorPool.getSharedSelector Using a shared selector for servlet write/read
30-May-2018 23:07:05.794 INFO [main] org.apache.catalina.startup.Catalina.load Initialization processed in 1227 ms
30-May-2018 23:07:05.861 INFO [main] org.apache.catalina.core.StandardService.startInternal Starting service [Catalina]
30-May-2018 23:07:05.873 INFO [main] org.apache.catalina.core.StandardEngine.startInternal Starting Servlet Engine: Apache Tomcat/9.0.8
30-May-2018 23:07:05.896 INFO [main] org.apache.catalina.startup.HostConfig.deployDirectory Deploying web application directory [/mnt/d/Users/Desktop/DICT Bootcamp/Web Server/apache-tomcat-9.0.8/webapps/docs]
30-May-2018 23:07:06.230 INFO [main] org.apache.catalina.startup.HostConfig.deployDirectory Deployment of web application directory [/mnt/d/Users/Desktop/DICT Bootcamp/Web Server/apache-tomcat-9.0.8/webapps/docs] has finished in [333] ms
30-May-2018 23:07:06.231 INFO [main] org.apache.catalina.startup.HostConfig.deployDirectory Deploying web application directory [/mnt/d/Users/Desktop/DICT Bootcamp/Web Server/apache-tomcat-9.0.8/webapps/examples]
30-May-2018 23:07:06.589 INFO [main] org.apache.catalina.startup.HostConfig.deployDirectory Deployment of web application directory [/mnt/d/Users/Desktop/DICT Bootcamp/Web Server/apache-tomcat-9.0.8/webapps/examples] has finished in [357] ms
30-May-2018 23:07:06.590 INFO [main] org.apache.catalina.startup.HostConfig.deployDirectory Deploying web application directory [/mnt/d/Users/Desktop/DICT Bootcamp/Web Server/apache-tomcat-9.0.8/webapps/host-manager]
30-May-2018 23:07:06.626 INFO [main] org.apache.catalina.startup.HostConfig.deployDirectory Deployment of web application directory [/mnt/d/Users/Desktop/DICT Bootcamp/Web Server/apache-tomcat-9.0.8/webapps/host-manager] has finished in [36] ms
30-May-2018 23:07:06.628 INFO [main] org.apache.catalina.startup.HostConfig.deployDirectory Deploying web application directory [/mnt/d/Users/Desktop/DICT Bootcamp/Web Server/apache-tomcat-9.0.8/webapps/manager]
30-May-2018 23:07:06.661 INFO [main] org.apache.catalina.startup.HostConfig.deployDirectory Deployment of web application directory [/mnt/d/Users/Desktop/DICT Bootcamp/Web Server/apache-tomcat-9.0.8/webapps/manager] has finished in [33] ms
30-May-2018 23:07:06.668 INFO [main] org.apache.catalina.startup.HostConfig.deployDirectory Deploying web application directory [/mnt/d/Users/Desktop/DICT Bootcamp/Web Server/apache-tomcat-9.0.8/webapps/mycoolwebapp]
30-May-2018 23:07:06.704 INFO [main] org.apache.catalina.startup.HostConfig.deployDirectory Deployment of web application directory [/mnt/d/Users/Desktop/DICT Bootcamp/Web Server/apache-tomcat-9.0.8/webapps/mycoolwebapp] has finished in [36] ms
30-May-2018 23:07:06.705 INFO [main] org.apache.catalina.startup.HostConfig.deployDirectory Deploying web application directory [/mnt/d/Users/Desktop/DICT Bootcamp/Web Server/apache-tomcat-9.0.8/webapps/MyWebServiceClient]
30-May-2018 23:07:06.738 INFO [main] org.apache.catalina.startup.HostConfig.deployDirectory Deployment of web application directory [/mnt/d/Users/Desktop/DICT Bootcamp/Web Server/apache-tomcat-9.0.8/webapps/MyWebServiceClient] has finished in [33] ms
30-May-2018 23:07:06.740 INFO [main] org.apache.catalina.startup.HostConfig.deployDirectory Deploying web application directory [/mnt/d/Users/Desktop/DICT Bootcamp/Web Server/apache-tomcat-9.0.8/webapps/ROOT]
30-May-2018 23:07:06.762 INFO [main] org.apache.catalina.startup.HostConfig.deployDirectory Deployment of web application directory [/mnt/d/Users/Desktop/DICT Bootcamp/Web Server/apache-tomcat-9.0.8/webapps/ROOT] has finished in [22] ms
30-May-2018 23:07:06.768 INFO [main] org.apache.catalina.startup.HostConfig.deployDirectory Deploying web application directory [/mnt/d/Users/Desktop/DICT Bootcamp/Web Server/apache-tomcat-9.0.8/webapps/servletmemorablequotes]
30-May-2018 23:07:06.794 INFO [main] org.apache.catalina.startup.HostConfig.deployDirectory Deployment of web application directory [/mnt/d/Users/Desktop/DICT Bootcamp/Web Server/apache-tomcat-9.0.8/webapps/servletmemorablequotes] has finished in [26] ms
30-May-2018 23:07:06.802 INFO [main] org.apache.coyote.AbstractProtocol.start Starting ProtocolHandler ["http-nio-8080"]
30-May-2018 23:07:06.811 INFO [main] org.apache.coyote.AbstractProtocol.start Starting ProtocolHandler ["http-nio-8010"]
30-May-2018 23:07:06.815 INFO [main] org.apache.coyote.AbstractProtocol.start Starting ProtocolHandler ["ajp-nio-8009"]
30-May-2018 23:07:06.820 INFO [main] org.apache.catalina.startup.Catalina.start Server startup in 1018 ms
