30-May-2018 01:40:45.040 INFO [main] org.apache.catalina.core.ApplicationContext.log ContextListener: contextInitialized()
30-May-2018 01:40:45.040 INFO [main] org.apache.catalina.core.ApplicationContext.log SessionListener: contextInitialized()
30-May-2018 01:40:45.044 INFO [main] org.apache.catalina.core.ApplicationContext.log ContextListener: attributeAdded('StockTicker', 'async.Stockticker@175c2241')
30-May-2018 01:41:45.716 INFO [http-nio-8080-exec-5] org.apache.catalina.core.ApplicationContext.log Marking servlet [HelloWorld] as unavailable
30-May-2018 01:41:45.717 SEVERE [http-nio-8080-exec-5] org.apache.catalina.core.StandardWrapperValve.invoke Allocate exception for servlet [HelloWorld]
 java.lang.ClassNotFoundException: HelloWorldServlet
	at org.apache.catalina.loader.WebappClassLoaderBase.loadClass(WebappClassLoaderBase.java:1292)
	at org.apache.catalina.loader.WebappClassLoaderBase.loadClass(WebappClassLoaderBase.java:1121)
	at org.apache.catalina.core.DefaultInstanceManager.loadClass(DefaultInstanceManager.java:540)
	at org.apache.catalina.core.DefaultInstanceManager.loadClassMaybePrivileged(DefaultInstanceManager.java:521)
	at org.apache.catalina.core.DefaultInstanceManager.newInstance(DefaultInstanceManager.java:150)
	at org.apache.catalina.core.StandardWrapper.loadServlet(StandardWrapper.java:1032)
	at org.apache.catalina.core.StandardWrapper.allocate(StandardWrapper.java:761)
	at org.apache.catalina.core.StandardWrapperValve.invoke(StandardWrapperValve.java:133)
	at org.apache.catalina.core.StandardContextValve.invoke(StandardContextValve.java:96)
	at org.apache.catalina.authenticator.AuthenticatorBase.invoke(AuthenticatorBase.java:494)
	at org.apache.catalina.core.StandardHostValve.invoke(StandardHostValve.java:139)
	at org.apache.catalina.valves.ErrorReportValve.invoke(ErrorReportValve.java:92)
	at org.apache.catalina.valves.AbstractAccessLogValve.invoke(AbstractAccessLogValve.java:651)
	at org.apache.catalina.core.StandardEngineValve.invoke(StandardEngineValve.java:87)
	at org.apache.catalina.connector.CoyoteAdapter.service(CoyoteAdapter.java:343)
	at org.apache.coyote.http11.Http11Processor.service(Http11Processor.java:412)
	at org.apache.coyote.AbstractProcessorLight.process(AbstractProcessorLight.java:66)
	at org.apache.coyote.AbstractProtocol$ConnectionHandler.process(AbstractProtocol.java:754)
	at org.apache.tomcat.util.net.NioEndpoint$SocketProcessor.doRun(NioEndpoint.java:1385)
	at org.apache.tomcat.util.net.SocketProcessorBase.run(SocketProcessorBase.java:49)
	at java.util.concurrent.ThreadPoolExecutor.runWorker(ThreadPoolExecutor.java:1149)
	at java.util.concurrent.ThreadPoolExecutor$Worker.run(ThreadPoolExecutor.java:624)
	at org.apache.tomcat.util.threads.TaskThread$WrappingRunnable.run(TaskThread.java:61)
	at java.lang.Thread.run(Thread.java:748)

30-May-2018 01:48:19.371 INFO [Thread-6] org.apache.catalina.core.ApplicationContext.log SessionListener: contextDestroyed()
30-May-2018 01:48:19.372 INFO [Thread-6] org.apache.catalina.core.ApplicationContext.log ContextListener: contextDestroyed()
30-May-2018 01:48:26.066 INFO [main] org.apache.catalina.core.ApplicationContext.log ContextListener: contextInitialized()
30-May-2018 01:48:26.066 INFO [main] org.apache.catalina.core.ApplicationContext.log SessionListener: contextInitialized()
30-May-2018 01:48:26.068 INFO [main] org.apache.catalina.core.ApplicationContext.log ContextListener: attributeAdded('StockTicker', 'async.Stockticker@5bf0d49')
30-May-2018 23:04:40.297 INFO [Thread-6] org.apache.catalina.core.ApplicationContext.log SessionListener: contextDestroyed()
30-May-2018 23:04:40.297 INFO [Thread-6] org.apache.catalina.core.ApplicationContext.log ContextListener: contextDestroyed()
30-May-2018 23:04:48.322 INFO [main] org.apache.catalina.core.ApplicationContext.log ContextListener: contextInitialized()
30-May-2018 23:04:48.322 INFO [main] org.apache.catalina.core.ApplicationContext.log SessionListener: contextInitialized()
30-May-2018 23:04:48.324 INFO [main] org.apache.catalina.core.ApplicationContext.log ContextListener: attributeAdded('StockTicker', 'async.Stockticker@175c2241')
30-May-2018 23:07:03.573 INFO [Thread-6] org.apache.catalina.core.ApplicationContext.log SessionListener: contextDestroyed()
30-May-2018 23:07:03.573 INFO [Thread-6] org.apache.catalina.core.ApplicationContext.log ContextListener: contextDestroyed()
30-May-2018 23:07:06.581 INFO [main] org.apache.catalina.core.ApplicationContext.log ContextListener: contextInitialized()
30-May-2018 23:07:06.581 INFO [main] org.apache.catalina.core.ApplicationContext.log SessionListener: contextInitialized()
30-May-2018 23:07:06.583 INFO [main] org.apache.catalina.core.ApplicationContext.log ContextListener: attributeAdded('StockTicker', 'async.Stockticker@5bf0d49')
