31-May-2018 01:20:26.896 INFO [Thread-6] org.apache.catalina.core.ApplicationContext.log SessionListener: contextDestroyed()
31-May-2018 01:20:26.897 INFO [Thread-6] org.apache.catalina.core.ApplicationContext.log ContextListener: contextDestroyed()
31-May-2018 01:20:34.265 INFO [main] org.apache.catalina.core.ApplicationContext.log ContextListener: contextInitialized()
31-May-2018 01:20:34.265 INFO [main] org.apache.catalina.core.ApplicationContext.log SessionListener: contextInitialized()
31-May-2018 01:20:34.267 INFO [main] org.apache.catalina.core.ApplicationContext.log ContextListener: attributeAdded('StockTicker', 'async.Stockticker@175c2241')
31-May-2018 01:26:52.755 INFO [Thread-6] org.apache.catalina.core.ApplicationContext.log SessionListener: contextDestroyed()
31-May-2018 01:26:52.756 INFO [Thread-6] org.apache.catalina.core.ApplicationContext.log ContextListener: contextDestroyed()
31-May-2018 01:26:57.129 INFO [main] org.apache.catalina.core.ApplicationContext.log ContextListener: contextInitialized()
31-May-2018 01:26:57.130 INFO [main] org.apache.catalina.core.ApplicationContext.log SessionListener: contextInitialized()
31-May-2018 01:26:57.132 INFO [main] org.apache.catalina.core.ApplicationContext.log ContextListener: attributeAdded('StockTicker', 'async.Stockticker@5bf0d49')
31-May-2018 01:42:47.443 INFO [Thread-6] org.apache.catalina.core.ApplicationContext.log SessionListener: contextDestroyed()
31-May-2018 01:42:47.443 INFO [Thread-6] org.apache.catalina.core.ApplicationContext.log ContextListener: contextDestroyed()
31-May-2018 01:42:52.123 INFO [main] org.apache.catalina.core.ApplicationContext.log ContextListener: contextInitialized()
31-May-2018 01:42:52.123 INFO [main] org.apache.catalina.core.ApplicationContext.log SessionListener: contextInitialized()
31-May-2018 01:42:52.125 INFO [main] org.apache.catalina.core.ApplicationContext.log ContextListener: attributeAdded('StockTicker', 'async.Stockticker@5bf0d49')
31-May-2018 02:02:39.005 INFO [Thread-6] org.apache.catalina.core.ApplicationContext.log SessionListener: contextDestroyed()
31-May-2018 02:02:39.005 INFO [Thread-6] org.apache.catalina.core.ApplicationContext.log ContextListener: contextDestroyed()
31-May-2018 02:02:42.582 INFO [main] org.apache.catalina.core.ApplicationContext.log ContextListener: contextInitialized()
31-May-2018 02:02:42.582 INFO [main] org.apache.catalina.core.ApplicationContext.log SessionListener: contextInitialized()
31-May-2018 02:02:42.584 INFO [main] org.apache.catalina.core.ApplicationContext.log ContextListener: attributeAdded('StockTicker', 'async.Stockticker@5bf0d49')
31-May-2018 02:03:25.720 INFO [Thread-6] org.apache.catalina.core.ApplicationContext.log SessionListener: contextDestroyed()
31-May-2018 02:03:25.720 INFO [Thread-6] org.apache.catalina.core.ApplicationContext.log ContextListener: contextDestroyed()
31-May-2018 02:03:28.692 INFO [main] org.apache.catalina.core.ApplicationContext.log ContextListener: contextInitialized()
31-May-2018 02:03:28.693 INFO [main] org.apache.catalina.core.ApplicationContext.log SessionListener: contextInitialized()
31-May-2018 02:03:28.694 INFO [main] org.apache.catalina.core.ApplicationContext.log ContextListener: attributeAdded('StockTicker', 'async.Stockticker@5bf0d49')
31-May-2018 02:50:57.441 INFO [Thread-6] org.apache.catalina.core.ApplicationContext.log SessionListener: contextDestroyed()
31-May-2018 02:50:57.441 INFO [Thread-6] org.apache.catalina.core.ApplicationContext.log ContextListener: contextDestroyed()
31-May-2018 02:51:03.116 INFO [main] org.apache.catalina.core.ApplicationContext.log ContextListener: contextInitialized()
31-May-2018 02:51:03.117 INFO [main] org.apache.catalina.core.ApplicationContext.log SessionListener: contextInitialized()
31-May-2018 02:51:03.119 INFO [main] org.apache.catalina.core.ApplicationContext.log ContextListener: attributeAdded('StockTicker', 'async.Stockticker@175c2241')
31-May-2018 02:52:15.172 INFO [Thread-6] org.apache.catalina.core.ApplicationContext.log SessionListener: contextDestroyed()
31-May-2018 02:52:15.172 INFO [Thread-6] org.apache.catalina.core.ApplicationContext.log ContextListener: contextDestroyed()
31-May-2018 02:52:18.461 INFO [main] org.apache.catalina.core.ApplicationContext.log ContextListener: contextInitialized()
31-May-2018 02:52:18.461 INFO [main] org.apache.catalina.core.ApplicationContext.log SessionListener: contextInitialized()
31-May-2018 02:52:18.463 INFO [main] org.apache.catalina.core.ApplicationContext.log ContextListener: attributeAdded('StockTicker', 'async.Stockticker@5bf0d49')
31-May-2018 02:54:25.229 INFO [Thread-6] org.apache.catalina.core.ApplicationContext.log SessionListener: contextDestroyed()
31-May-2018 02:54:25.229 INFO [Thread-6] org.apache.catalina.core.ApplicationContext.log ContextListener: contextDestroyed()
31-May-2018 02:54:28.381 INFO [main] org.apache.catalina.core.ApplicationContext.log ContextListener: contextInitialized()
31-May-2018 02:54:28.381 INFO [main] org.apache.catalina.core.ApplicationContext.log SessionListener: contextInitialized()
31-May-2018 02:54:28.383 INFO [main] org.apache.catalina.core.ApplicationContext.log ContextListener: attributeAdded('StockTicker', 'async.Stockticker@5bf0d49')
31-May-2018 02:55:14.676 INFO [Thread-6] org.apache.catalina.core.ApplicationContext.log SessionListener: contextDestroyed()
31-May-2018 02:55:14.676 INFO [Thread-6] org.apache.catalina.core.ApplicationContext.log ContextListener: contextDestroyed()
31-May-2018 02:55:17.739 INFO [main] org.apache.catalina.core.ApplicationContext.log ContextListener: contextInitialized()
31-May-2018 02:55:17.739 INFO [main] org.apache.catalina.core.ApplicationContext.log SessionListener: contextInitialized()
31-May-2018 02:55:17.742 INFO [main] org.apache.catalina.core.ApplicationContext.log ContextListener: attributeAdded('StockTicker', 'async.Stockticker@5bf0d49')
31-May-2018 02:55:40.078 INFO [Thread-6] org.apache.catalina.core.ApplicationContext.log SessionListener: contextDestroyed()
31-May-2018 02:55:40.078 INFO [Thread-6] org.apache.catalina.core.ApplicationContext.log ContextListener: contextDestroyed()
31-May-2018 02:55:43.577 INFO [main] org.apache.catalina.core.ApplicationContext.log ContextListener: contextInitialized()
31-May-2018 02:55:43.577 INFO [main] org.apache.catalina.core.ApplicationContext.log SessionListener: contextInitialized()
31-May-2018 02:55:43.579 INFO [main] org.apache.catalina.core.ApplicationContext.log ContextListener: attributeAdded('StockTicker', 'async.Stockticker@5bf0d49')
31-May-2018 02:56:02.417 INFO [Thread-6] org.apache.catalina.core.ApplicationContext.log SessionListener: contextDestroyed()
31-May-2018 02:56:02.417 INFO [Thread-6] org.apache.catalina.core.ApplicationContext.log ContextListener: contextDestroyed()
31-May-2018 02:56:05.413 INFO [main] org.apache.catalina.core.ApplicationContext.log ContextListener: contextInitialized()
31-May-2018 02:56:05.413 INFO [main] org.apache.catalina.core.ApplicationContext.log SessionListener: contextInitialized()
31-May-2018 02:56:05.415 INFO [main] org.apache.catalina.core.ApplicationContext.log ContextListener: attributeAdded('StockTicker', 'async.Stockticker@5bf0d49')
31-May-2018 02:56:26.850 INFO [Thread-6] org.apache.catalina.core.ApplicationContext.log SessionListener: contextDestroyed()
31-May-2018 02:56:26.851 INFO [Thread-6] org.apache.catalina.core.ApplicationContext.log ContextListener: contextDestroyed()
31-May-2018 02:56:29.572 INFO [main] org.apache.catalina.core.ApplicationContext.log ContextListener: contextInitialized()
31-May-2018 02:56:29.572 INFO [main] org.apache.catalina.core.ApplicationContext.log SessionListener: contextInitialized()
31-May-2018 02:56:29.573 INFO [main] org.apache.catalina.core.ApplicationContext.log ContextListener: attributeAdded('StockTicker', 'async.Stockticker@5bf0d49')
31-May-2018 02:58:00.750 INFO [Thread-6] org.apache.catalina.core.ApplicationContext.log SessionListener: contextDestroyed()
31-May-2018 02:58:00.750 INFO [Thread-6] org.apache.catalina.core.ApplicationContext.log ContextListener: contextDestroyed()
31-May-2018 02:58:03.521 INFO [main] org.apache.catalina.core.ApplicationContext.log ContextListener: contextInitialized()
31-May-2018 02:58:03.521 INFO [main] org.apache.catalina.core.ApplicationContext.log SessionListener: contextInitialized()
31-May-2018 02:58:03.523 INFO [main] org.apache.catalina.core.ApplicationContext.log ContextListener: attributeAdded('StockTicker', 'async.Stockticker@5bf0d49')
31-May-2018 02:58:19.537 INFO [Thread-6] org.apache.catalina.core.ApplicationContext.log SessionListener: contextDestroyed()
31-May-2018 02:58:19.537 INFO [Thread-6] org.apache.catalina.core.ApplicationContext.log ContextListener: contextDestroyed()
31-May-2018 02:58:21.536 INFO [main] org.apache.catalina.core.ApplicationContext.log ContextListener: contextInitialized()
31-May-2018 02:58:21.536 INFO [main] org.apache.catalina.core.ApplicationContext.log SessionListener: contextInitialized()
31-May-2018 02:58:21.538 INFO [main] org.apache.catalina.core.ApplicationContext.log ContextListener: attributeAdded('StockTicker', 'async.Stockticker@5bf0d49')
31-May-2018 03:00:41.494 INFO [Thread-6] org.apache.catalina.core.ApplicationContext.log SessionListener: contextDestroyed()
31-May-2018 03:00:41.494 INFO [Thread-6] org.apache.catalina.core.ApplicationContext.log ContextListener: contextDestroyed()
31-May-2018 03:00:44.857 INFO [main] org.apache.catalina.core.ApplicationContext.log ContextListener: contextInitialized()
31-May-2018 03:00:44.857 INFO [main] org.apache.catalina.core.ApplicationContext.log SessionListener: contextInitialized()
31-May-2018 03:00:44.859 INFO [main] org.apache.catalina.core.ApplicationContext.log ContextListener: attributeAdded('StockTicker', 'async.Stockticker@5bf0d49')
31-May-2018 03:02:42.612 INFO [Thread-6] org.apache.catalina.core.ApplicationContext.log SessionListener: contextDestroyed()
31-May-2018 03:02:42.612 INFO [Thread-6] org.apache.catalina.core.ApplicationContext.log ContextListener: contextDestroyed()
31-May-2018 03:02:45.496 INFO [main] org.apache.catalina.core.ApplicationContext.log ContextListener: contextInitialized()
31-May-2018 03:02:45.496 INFO [main] org.apache.catalina.core.ApplicationContext.log SessionListener: contextInitialized()
31-May-2018 03:02:45.498 INFO [main] org.apache.catalina.core.ApplicationContext.log ContextListener: attributeAdded('StockTicker', 'async.Stockticker@5bf0d49')
31-May-2018 03:04:37.016 INFO [Thread-6] org.apache.catalina.core.ApplicationContext.log SessionListener: contextDestroyed()
31-May-2018 03:04:37.016 INFO [Thread-6] org.apache.catalina.core.ApplicationContext.log ContextListener: contextDestroyed()
31-May-2018 03:04:40.206 INFO [main] org.apache.catalina.core.ApplicationContext.log ContextListener: contextInitialized()
31-May-2018 03:04:40.206 INFO [main] org.apache.catalina.core.ApplicationContext.log SessionListener: contextInitialized()
31-May-2018 03:04:40.208 INFO [main] org.apache.catalina.core.ApplicationContext.log ContextListener: attributeAdded('StockTicker', 'async.Stockticker@5bf0d49')
31-May-2018 03:05:06.469 INFO [Thread-6] org.apache.catalina.core.ApplicationContext.log SessionListener: contextDestroyed()
31-May-2018 03:05:06.469 INFO [Thread-6] org.apache.catalina.core.ApplicationContext.log ContextListener: contextDestroyed()
31-May-2018 03:05:09.346 INFO [main] org.apache.catalina.core.ApplicationContext.log ContextListener: contextInitialized()
31-May-2018 03:05:09.346 INFO [main] org.apache.catalina.core.ApplicationContext.log SessionListener: contextInitialized()
31-May-2018 03:05:09.349 INFO [main] org.apache.catalina.core.ApplicationContext.log ContextListener: attributeAdded('StockTicker', 'async.Stockticker@5bf0d49')
31-May-2018 03:05:12.516 INFO [Thread-6] org.apache.catalina.core.ApplicationContext.log SessionListener: contextDestroyed()
31-May-2018 03:05:12.516 INFO [Thread-6] org.apache.catalina.core.ApplicationContext.log ContextListener: contextDestroyed()
31-May-2018 03:05:43.086 INFO [main] org.apache.catalina.core.ApplicationContext.log ContextListener: contextInitialized()
31-May-2018 03:05:43.086 INFO [main] org.apache.catalina.core.ApplicationContext.log SessionListener: contextInitialized()
31-May-2018 03:05:43.088 INFO [main] org.apache.catalina.core.ApplicationContext.log ContextListener: attributeAdded('StockTicker', 'async.Stockticker@5bf0d49')
31-May-2018 03:06:26.396 INFO [Thread-6] org.apache.catalina.core.ApplicationContext.log SessionListener: contextDestroyed()
31-May-2018 03:06:26.396 INFO [Thread-6] org.apache.catalina.core.ApplicationContext.log ContextListener: contextDestroyed()
31-May-2018 03:06:30.716 INFO [main] org.apache.catalina.core.ApplicationContext.log ContextListener: contextInitialized()
31-May-2018 03:06:30.716 INFO [main] org.apache.catalina.core.ApplicationContext.log SessionListener: contextInitialized()
31-May-2018 03:06:30.718 INFO [main] org.apache.catalina.core.ApplicationContext.log ContextListener: attributeAdded('StockTicker', 'async.Stockticker@5bf0d49')
31-May-2018 03:06:59.282 INFO [Thread-6] org.apache.catalina.core.ApplicationContext.log SessionListener: contextDestroyed()
31-May-2018 03:06:59.283 INFO [Thread-6] org.apache.catalina.core.ApplicationContext.log ContextListener: contextDestroyed()
31-May-2018 03:07:05.019 INFO [main] org.apache.catalina.core.ApplicationContext.log ContextListener: contextInitialized()
31-May-2018 03:07:05.019 INFO [main] org.apache.catalina.core.ApplicationContext.log SessionListener: contextInitialized()
31-May-2018 03:07:05.021 INFO [main] org.apache.catalina.core.ApplicationContext.log ContextListener: attributeAdded('StockTicker', 'async.Stockticker@5bf0d49')
31-May-2018 03:07:23.495 INFO [Thread-6] org.apache.catalina.core.ApplicationContext.log SessionListener: contextDestroyed()
31-May-2018 03:07:23.496 INFO [Thread-6] org.apache.catalina.core.ApplicationContext.log ContextListener: contextDestroyed()
31-May-2018 03:07:27.740 INFO [main] org.apache.catalina.core.ApplicationContext.log ContextListener: contextInitialized()
31-May-2018 03:07:27.740 INFO [main] org.apache.catalina.core.ApplicationContext.log SessionListener: contextInitialized()
31-May-2018 03:07:27.742 INFO [main] org.apache.catalina.core.ApplicationContext.log ContextListener: attributeAdded('StockTicker', 'async.Stockticker@5bf0d49')
31-May-2018 03:07:38.564 INFO [Thread-6] org.apache.catalina.core.ApplicationContext.log SessionListener: contextDestroyed()
31-May-2018 03:07:38.564 INFO [Thread-6] org.apache.catalina.core.ApplicationContext.log ContextListener: contextDestroyed()
31-May-2018 03:07:41.328 INFO [main] org.apache.catalina.core.ApplicationContext.log ContextListener: contextInitialized()
31-May-2018 03:07:41.328 INFO [main] org.apache.catalina.core.ApplicationContext.log SessionListener: contextInitialized()
31-May-2018 03:07:41.330 INFO [main] org.apache.catalina.core.ApplicationContext.log ContextListener: attributeAdded('StockTicker', 'async.Stockticker@5bf0d49')
31-May-2018 03:08:34.950 INFO [Thread-6] org.apache.catalina.core.ApplicationContext.log SessionListener: contextDestroyed()
31-May-2018 03:08:34.950 INFO [Thread-6] org.apache.catalina.core.ApplicationContext.log ContextListener: contextDestroyed()
31-May-2018 03:08:37.941 INFO [main] org.apache.catalina.core.ApplicationContext.log ContextListener: contextInitialized()
31-May-2018 03:08:37.942 INFO [main] org.apache.catalina.core.ApplicationContext.log SessionListener: contextInitialized()
31-May-2018 03:08:37.944 INFO [main] org.apache.catalina.core.ApplicationContext.log ContextListener: attributeAdded('StockTicker', 'async.Stockticker@5bf0d49')
31-May-2018 03:09:15.565 INFO [Thread-6] org.apache.catalina.core.ApplicationContext.log SessionListener: contextDestroyed()
31-May-2018 03:09:15.565 INFO [Thread-6] org.apache.catalina.core.ApplicationContext.log ContextListener: contextDestroyed()
31-May-2018 03:09:43.621 INFO [main] org.apache.catalina.core.ApplicationContext.log ContextListener: contextInitialized()
31-May-2018 03:09:43.621 INFO [main] org.apache.catalina.core.ApplicationContext.log SessionListener: contextInitialized()
31-May-2018 03:09:43.623 INFO [main] org.apache.catalina.core.ApplicationContext.log ContextListener: attributeAdded('StockTicker', 'async.Stockticker@5bf0d49')
31-May-2018 03:26:56.094 INFO [Thread-6] org.apache.catalina.core.ApplicationContext.log SessionListener: contextDestroyed()
31-May-2018 03:26:56.094 INFO [Thread-6] org.apache.catalina.core.ApplicationContext.log ContextListener: contextDestroyed()
31-May-2018 07:11:53.261 INFO [main] org.apache.catalina.core.ApplicationContext.log ContextListener: contextInitialized()
31-May-2018 07:11:53.261 INFO [main] org.apache.catalina.core.ApplicationContext.log SessionListener: contextInitialized()
31-May-2018 07:11:53.263 INFO [main] org.apache.catalina.core.ApplicationContext.log ContextListener: attributeAdded('StockTicker', 'async.Stockticker@175c2241')
31-May-2018 07:41:32.138 INFO [Thread-6] org.apache.catalina.core.ApplicationContext.log SessionListener: contextDestroyed()
31-May-2018 07:41:32.138 INFO [Thread-6] org.apache.catalina.core.ApplicationContext.log ContextListener: contextDestroyed()
31-May-2018 07:41:36.743 INFO [main] org.apache.catalina.core.ApplicationContext.log ContextListener: contextInitialized()
31-May-2018 07:41:36.743 INFO [main] org.apache.catalina.core.ApplicationContext.log SessionListener: contextInitialized()
31-May-2018 07:41:36.745 INFO [main] org.apache.catalina.core.ApplicationContext.log ContextListener: attributeAdded('StockTicker', 'async.Stockticker@5bf0d49')
31-May-2018 07:42:46.871 INFO [Thread-6] org.apache.catalina.core.ApplicationContext.log SessionListener: contextDestroyed()
31-May-2018 07:42:46.871 INFO [Thread-6] org.apache.catalina.core.ApplicationContext.log ContextListener: contextDestroyed()
31-May-2018 07:42:49.462 INFO [main] org.apache.catalina.core.ApplicationContext.log ContextListener: contextInitialized()
31-May-2018 07:42:49.463 INFO [main] org.apache.catalina.core.ApplicationContext.log SessionListener: contextInitialized()
31-May-2018 07:42:49.465 INFO [main] org.apache.catalina.core.ApplicationContext.log ContextListener: attributeAdded('StockTicker', 'async.Stockticker@5bf0d49')
31-May-2018 07:50:00.408 INFO [Thread-6] org.apache.catalina.core.ApplicationContext.log SessionListener: contextDestroyed()
31-May-2018 07:50:00.408 INFO [Thread-6] org.apache.catalina.core.ApplicationContext.log ContextListener: contextDestroyed()
31-May-2018 07:50:03.028 INFO [main] org.apache.catalina.core.ApplicationContext.log ContextListener: contextInitialized()
31-May-2018 07:50:03.028 INFO [main] org.apache.catalina.core.ApplicationContext.log SessionListener: contextInitialized()
31-May-2018 07:50:03.030 INFO [main] org.apache.catalina.core.ApplicationContext.log ContextListener: attributeAdded('StockTicker', 'async.Stockticker@5bf0d49')
31-May-2018 12:51:45.054 INFO [Thread-6] org.apache.catalina.core.ApplicationContext.log SessionListener: contextDestroyed()
31-May-2018 12:51:45.054 INFO [Thread-6] org.apache.catalina.core.ApplicationContext.log ContextListener: contextDestroyed()
31-May-2018 12:51:48.898 INFO [main] org.apache.catalina.core.ApplicationContext.log ContextListener: contextInitialized()
31-May-2018 12:51:48.898 INFO [main] org.apache.catalina.core.ApplicationContext.log SessionListener: contextInitialized()
31-May-2018 12:51:48.900 INFO [main] org.apache.catalina.core.ApplicationContext.log ContextListener: attributeAdded('StockTicker', 'async.Stockticker@175c2241')
31-May-2018 22:25:55.535 INFO [Thread-6] org.apache.catalina.core.ApplicationContext.log SessionListener: contextDestroyed()
31-May-2018 22:25:55.535 INFO [Thread-6] org.apache.catalina.core.ApplicationContext.log ContextListener: contextDestroyed()
31-May-2018 22:27:00.889 INFO [main] org.apache.catalina.core.ApplicationContext.log ContextListener: contextInitialized()
31-May-2018 22:27:00.889 INFO [main] org.apache.catalina.core.ApplicationContext.log SessionListener: contextInitialized()
31-May-2018 22:27:00.891 INFO [main] org.apache.catalina.core.ApplicationContext.log ContextListener: attributeAdded('StockTicker', 'async.Stockticker@5bf0d49')
31-May-2018 22:28:14.700 INFO [Thread-6] org.apache.catalina.core.ApplicationContext.log SessionListener: contextDestroyed()
31-May-2018 22:28:14.703 INFO [Thread-6] org.apache.catalina.core.ApplicationContext.log ContextListener: contextDestroyed()
31-May-2018 22:28:17.894 INFO [main] org.apache.catalina.core.ApplicationContext.log ContextListener: contextInitialized()
31-May-2018 22:28:17.894 INFO [main] org.apache.catalina.core.ApplicationContext.log SessionListener: contextInitialized()
31-May-2018 22:28:17.896 INFO [main] org.apache.catalina.core.ApplicationContext.log ContextListener: attributeAdded('StockTicker', 'async.Stockticker@5bf0d49')
31-May-2018 22:29:01.394 INFO [Thread-6] org.apache.catalina.core.ApplicationContext.log SessionListener: contextDestroyed()
31-May-2018 22:29:01.394 INFO [Thread-6] org.apache.catalina.core.ApplicationContext.log ContextListener: contextDestroyed()
31-May-2018 22:29:04.496 INFO [main] org.apache.catalina.core.ApplicationContext.log ContextListener: contextInitialized()
31-May-2018 22:29:04.496 INFO [main] org.apache.catalina.core.ApplicationContext.log SessionListener: contextInitialized()
31-May-2018 22:29:04.498 INFO [main] org.apache.catalina.core.ApplicationContext.log ContextListener: attributeAdded('StockTicker', 'async.Stockticker@5bf0d49')
31-May-2018 22:30:06.999 INFO [Thread-6] org.apache.catalina.core.ApplicationContext.log SessionListener: contextDestroyed()
31-May-2018 22:30:06.999 INFO [Thread-6] org.apache.catalina.core.ApplicationContext.log ContextListener: contextDestroyed()
31-May-2018 22:30:09.723 INFO [main] org.apache.catalina.core.ApplicationContext.log ContextListener: contextInitialized()
31-May-2018 22:30:09.723 INFO [main] org.apache.catalina.core.ApplicationContext.log SessionListener: contextInitialized()
31-May-2018 22:30:09.725 INFO [main] org.apache.catalina.core.ApplicationContext.log ContextListener: attributeAdded('StockTicker', 'async.Stockticker@5bf0d49')
31-May-2018 22:30:29.502 INFO [Thread-6] org.apache.catalina.core.ApplicationContext.log SessionListener: contextDestroyed()
31-May-2018 22:30:29.502 INFO [Thread-6] org.apache.catalina.core.ApplicationContext.log ContextListener: contextDestroyed()
31-May-2018 22:30:31.948 INFO [main] org.apache.catalina.core.ApplicationContext.log ContextListener: contextInitialized()
31-May-2018 22:30:31.948 INFO [main] org.apache.catalina.core.ApplicationContext.log SessionListener: contextInitialized()
31-May-2018 22:30:31.950 INFO [main] org.apache.catalina.core.ApplicationContext.log ContextListener: attributeAdded('StockTicker', 'async.Stockticker@5bf0d49')
31-May-2018 22:30:59.671 INFO [Thread-6] org.apache.catalina.core.ApplicationContext.log SessionListener: contextDestroyed()
31-May-2018 22:30:59.671 INFO [Thread-6] org.apache.catalina.core.ApplicationContext.log ContextListener: contextDestroyed()
31-May-2018 22:31:02.052 INFO [main] org.apache.catalina.core.ApplicationContext.log ContextListener: contextInitialized()
31-May-2018 22:31:02.052 INFO [main] org.apache.catalina.core.ApplicationContext.log SessionListener: contextInitialized()
31-May-2018 22:31:02.054 INFO [main] org.apache.catalina.core.ApplicationContext.log ContextListener: attributeAdded('StockTicker', 'async.Stockticker@5bf0d49')
31-May-2018 22:33:14.126 INFO [Thread-6] org.apache.catalina.core.ApplicationContext.log SessionListener: contextDestroyed()
31-May-2018 22:33:14.126 INFO [Thread-6] org.apache.catalina.core.ApplicationContext.log ContextListener: contextDestroyed()
31-May-2018 22:33:16.498 INFO [main] org.apache.catalina.core.ApplicationContext.log ContextListener: contextInitialized()
31-May-2018 22:33:16.498 INFO [main] org.apache.catalina.core.ApplicationContext.log SessionListener: contextInitialized()
31-May-2018 22:33:16.500 INFO [main] org.apache.catalina.core.ApplicationContext.log ContextListener: attributeAdded('StockTicker', 'async.Stockticker@5bf0d49')
31-May-2018 22:33:59.082 INFO [Thread-6] org.apache.catalina.core.ApplicationContext.log SessionListener: contextDestroyed()
31-May-2018 22:33:59.082 INFO [Thread-6] org.apache.catalina.core.ApplicationContext.log ContextListener: contextDestroyed()
31-May-2018 22:34:01.774 INFO [main] org.apache.catalina.core.ApplicationContext.log ContextListener: contextInitialized()
31-May-2018 22:34:01.774 INFO [main] org.apache.catalina.core.ApplicationContext.log SessionListener: contextInitialized()
31-May-2018 22:34:01.776 INFO [main] org.apache.catalina.core.ApplicationContext.log ContextListener: attributeAdded('StockTicker', 'async.Stockticker@5bf0d49')
31-May-2018 23:02:16.193 INFO [Thread-6] org.apache.catalina.core.ApplicationContext.log SessionListener: contextDestroyed()
31-May-2018 23:02:16.193 INFO [Thread-6] org.apache.catalina.core.ApplicationContext.log ContextListener: contextDestroyed()
31-May-2018 23:13:43.580 INFO [main] org.apache.catalina.core.ApplicationContext.log ContextListener: contextInitialized()
31-May-2018 23:13:43.580 INFO [main] org.apache.catalina.core.ApplicationContext.log SessionListener: contextInitialized()
31-May-2018 23:13:43.582 INFO [main] org.apache.catalina.core.ApplicationContext.log ContextListener: attributeAdded('StockTicker', 'async.Stockticker@175c2241')
31-May-2018 23:18:03.457 INFO [Thread-6] org.apache.catalina.core.ApplicationContext.log SessionListener: contextDestroyed()
31-May-2018 23:18:03.457 INFO [Thread-6] org.apache.catalina.core.ApplicationContext.log ContextListener: contextDestroyed()
31-May-2018 23:18:05.504 INFO [main] org.apache.catalina.core.ApplicationContext.log ContextListener: contextInitialized()
31-May-2018 23:18:05.504 INFO [main] org.apache.catalina.core.ApplicationContext.log SessionListener: contextInitialized()
31-May-2018 23:18:05.506 INFO [main] org.apache.catalina.core.ApplicationContext.log ContextListener: attributeAdded('StockTicker', 'async.Stockticker@5bf0d49')
31-May-2018 23:18:35.745 INFO [Thread-6] org.apache.catalina.core.ApplicationContext.log SessionListener: contextDestroyed()
31-May-2018 23:18:35.746 INFO [Thread-6] org.apache.catalina.core.ApplicationContext.log ContextListener: contextDestroyed()
31-May-2018 23:18:37.907 INFO [main] org.apache.catalina.core.ApplicationContext.log ContextListener: contextInitialized()
31-May-2018 23:18:37.907 INFO [main] org.apache.catalina.core.ApplicationContext.log SessionListener: contextInitialized()
31-May-2018 23:18:37.909 INFO [main] org.apache.catalina.core.ApplicationContext.log ContextListener: attributeAdded('StockTicker', 'async.Stockticker@5bf0d49')
31-May-2018 23:19:24.724 INFO [Thread-6] org.apache.catalina.core.ApplicationContext.log SessionListener: contextDestroyed()
31-May-2018 23:19:24.724 INFO [Thread-6] org.apache.catalina.core.ApplicationContext.log ContextListener: contextDestroyed()
31-May-2018 23:19:34.738 INFO [main] org.apache.catalina.core.ApplicationContext.log ContextListener: contextInitialized()
31-May-2018 23:19:34.738 INFO [main] org.apache.catalina.core.ApplicationContext.log SessionListener: contextInitialized()
31-May-2018 23:19:34.740 INFO [main] org.apache.catalina.core.ApplicationContext.log ContextListener: attributeAdded('StockTicker', 'async.Stockticker@5bf0d49')
31-May-2018 23:20:48.434 INFO [Thread-6] org.apache.catalina.core.ApplicationContext.log SessionListener: contextDestroyed()
31-May-2018 23:20:48.434 INFO [Thread-6] org.apache.catalina.core.ApplicationContext.log ContextListener: contextDestroyed()
31-May-2018 23:20:50.470 INFO [main] org.apache.catalina.core.ApplicationContext.log ContextListener: contextInitialized()
31-May-2018 23:20:50.470 INFO [main] org.apache.catalina.core.ApplicationContext.log SessionListener: contextInitialized()
31-May-2018 23:20:50.472 INFO [main] org.apache.catalina.core.ApplicationContext.log ContextListener: attributeAdded('StockTicker', 'async.Stockticker@5bf0d49')
31-May-2018 23:21:23.076 INFO [Thread-6] org.apache.catalina.core.ApplicationContext.log SessionListener: contextDestroyed()
31-May-2018 23:21:23.076 INFO [Thread-6] org.apache.catalina.core.ApplicationContext.log ContextListener: contextDestroyed()
31-May-2018 23:21:25.079 INFO [main] org.apache.catalina.core.ApplicationContext.log ContextListener: contextInitialized()
31-May-2018 23:21:25.079 INFO [main] org.apache.catalina.core.ApplicationContext.log SessionListener: contextInitialized()
31-May-2018 23:21:25.081 INFO [main] org.apache.catalina.core.ApplicationContext.log ContextListener: attributeAdded('StockTicker', 'async.Stockticker@5bf0d49')
31-May-2018 23:24:27.601 INFO [Thread-6] org.apache.catalina.core.ApplicationContext.log SessionListener: contextDestroyed()
31-May-2018 23:24:27.601 INFO [Thread-6] org.apache.catalina.core.ApplicationContext.log ContextListener: contextDestroyed()
31-May-2018 23:24:29.647 INFO [main] org.apache.catalina.core.ApplicationContext.log ContextListener: contextInitialized()
31-May-2018 23:24:29.647 INFO [main] org.apache.catalina.core.ApplicationContext.log SessionListener: contextInitialized()
31-May-2018 23:24:29.649 INFO [main] org.apache.catalina.core.ApplicationContext.log ContextListener: attributeAdded('StockTicker', 'async.Stockticker@5bf0d49')
